#
# A fatal error has been detected by the Java Runtime Environment:
#
#  Internal Error (jvmciRuntime.cpp:1609), pid=29, tid=43
#  fatal error: Fatal exception in JVMCI: Error calling jdk.vm.ci.services.Services.serializeSavedProperties
#
# JRE version: OpenJDK Runtime Environment GraalVM CE 22.3.0 (17.0.5+8) (build 17.0.5+8-jvmci-22.3-b08)
# Java VM: OpenJDK 64-Bit Server VM GraalVM CE 22.3.0 (17.0.5+8-jvmci-22.3-b08, mixed mode, sharing, tiered, jvmci, jvmci compiler, compressed oops, compressed class ptrs, parallel gc, linux-amd64)
# Problematic frame:
# V  [libjvm.so+0x972714]  JVMCIRuntime::fatal_exception(JVMCIEnv*, char const*)+0x74
#
# Core dump will be written. Default location: Core dumps may be processed with "/usr/share/apport/apport -p%p -s%s -c%c -d%d -P%P -u%u -g%g -- %E" (or dumping to /home/runner/Zadanie-32/core.29)
#
# If you would like to submit a bug report, please visit:
#   https://github.com/oracle/graal/issues
#

---------------  S U M M A R Y ------------

Command Line: -XX:ThreadPriorityPolicy=1 -XX:+UnlockExperimentalVMOptions -XX:+EnableJVMCIProduct -XX:JVMCIThreadsPerNativeLibraryRuntime=1 -XX:-UnlockExperimentalVMOptions -Declipse.application=org.eclipse.jdt.ls.core.id1 -Dosgi.bundles.defaultStartLevel=4 -Declipse.product=org.eclipse.jdt.ls.core.product -Dlog.level=ALL -Xverify:none -XX:+UseParallelGC -XX:GCTimeRatio=4 -XX:AdaptiveSizePolicyWeight=90 -Dsun.zip.disableMemoryMapping=true -Xmx512m -Xms100m /nix/store/m6gcpi1ii6rghy04cjwjddcavv7i90df-jdt-language-server-1.9.0/share/java/plugins/org.eclipse.equinox.launcher_1.6.400.v20210924-0641.jar --add-modules=ALL-SYSTEM --add-opens java.base/java.util=ALL-UNNAMED --add-opens java.base/java.lang=ALL-UNNAMED -configuration /home/runner/.cache/jdt-language-server/config -data /home/runner/.cache/jdt-language-server/data/home/runner/Zadanie-32

Host: AMD EPYC 7B12, 8 cores, 1G, Ubuntu 20.04.2 LTS
Time: Wed Mar 29 12:55:35 2023 UTC elapsed time: 992.175409 seconds (0d 0h 16m 32s)

---------------  T H R E A D  ---------------

Current thread (0x00007ff6f00b21d0):  JavaThread "JVMCI-native CompilerThread0" daemon [_thread_in_vm, id=43, stack(0x00007ff6d621a000,0x00007ff6d641a000)]


Current CompileTask:
JVMCI-native: 992175 8733       4       org.eclipse.jdt.internal.core.util.Util::indexOfJavaLikeExtension (112 bytes)

Stack: [0x00007ff6d621a000,0x00007ff6d641a000],  sp=0x00007ff6d6418380,  free space=2040k
Native frames: (J=compiled Java code, j=interpreted, Vv=VM code, C=native code)
V  [libjvm.so+0x972714]  JVMCIRuntime::fatal_exception(JVMCIEnv*, char const*)+0x74
V  [libjvm.so+0x93e2fe]  JVMCIEnv::copy_saved_properties()+0x14e
V  [libjvm.so+0x9732a9]  JVMCIRuntime::initialize(JVMCIEnv*)+0xb19
V  [libjvm.so+0x9738a2]  JVMCIRuntime::get_HotSpotJVMCIRuntime(JVMCIEnv*)+0x12
V  [libjvm.so+0x9749f2]  JVMCIRuntime::compile_method(JVMCIEnv*, JVMCICompiler*, methodHandle const&, int)+0xd2
V  [libjvm.so+0x5b0d20]  CompileBroker::invoke_compiler_on_method(CompileTask*)+0x1470
V  [libjvm.so+0x5b12e8]  CompileBroker::compiler_thread_loop()+0x528
V  [libjvm.so+0xd82460]  JavaThread::thread_main_inner()+0xd0
V  [libjvm.so+0xd85a40]  Thread::call_run()+0xc0
V  [libjvm.so+0xbdb1e1]  thread_native_entry(Thread*)+0xe1

Register to memory mapping:

RAX=0x00007ff6f5ee6000 points into unknown readable memory: 0x0000000000000058 | 58 00 00 00 00 00 00 00
RBX=0x00007ff6f6fe1398: <offset 0x0000000000ef5398> in /nix/store/gpxl5qgg8kicmcvivwmybwjlpf7wh20l-graalvm17-ce-22.3.0/lib/server/libjvm.so at 0x00007ff6f60ec000
RCX=0x00007ff6f6f991e8: <offset 0x0000000000ead1e8> in /nix/store/gpxl5qgg8kicmcvivwmybwjlpf7wh20l-graalvm17-ce-22.3.0/lib/server/libjvm.so at 0x00007ff6f60ec000
RDX=0x0000000000000649 is an unknown value
RSP=0x00007ff6d6418380 is pointing into the stack for thread: 0x00007ff6f00b21d0
RBP=0x00007ff6d64183a0 is pointing into the stack for thread: 0x00007ff6f00b21d0
RSI=0x00007ff6f6fe1c48: <offset 0x0000000000ef5c48> in /nix/store/gpxl5qgg8kicmcvivwmybwjlpf7wh20l-graalvm17-ce-22.3.0/lib/server/libjvm.so at 0x00007ff6f60ec000
RDI=0x00000000e0000000 is an oop: [I 
{0x00000000e0000000} - klass: {type array int}
 - length: 5
R8 =0x00007ff6f6fe1398: <offset 0x0000000000ef5398> in /nix/store/gpxl5qgg8kicmcvivwmybwjlpf7wh20l-graalvm17-ce-22.3.0/lib/server/libjvm.so at 0x00007ff6f60ec000
R9 =0x00007ff6d6418330 is pointing into the stack for thread: 0x00007ff6f00b21d0
R10=0x00007ff6d6419948 is pointing into the stack for thread: 0x00007ff6f00b21d0
R11=0x0000000000000293 is an unknown value
R12=0x0 is NULL
R13=0x00007ff6f00b21d0 is a thread
R14=0x00007ff6f0000b80 points into unknown readable memory: 0x00007ff6f7212a38 | 38 2a 21 f7 f6 7f 00 00
R15=0x00007ff6f7320e40: <offset 0x0000000001234e40> in /nix/store/gpxl5qgg8kicmcvivwmybwjlpf7wh20l-graalvm17-ce-22.3.0/lib/server/libjvm.so at 0x00007ff6f60ec000


Registers:
RAX=0x00007ff6f5ee6000, RBX=0x00007ff6f6fe1398, RCX=0x00007ff6f6f991e8, RDX=0x0000000000000649
RSP=0x00007ff6d6418380, RBP=0x00007ff6d64183a0, RSI=0x00007ff6f6fe1c48, RDI=0x00000000e0000000
R8 =0x00007ff6f6fe1398, R9 =0x00007ff6d6418330, R10=0x00007ff6d6419948, R11=0x0000000000000293
R12=0x0000000000000000, R13=0x00007ff6f00b21d0, R14=0x00007ff6f0000b80, R15=0x00007ff6f7320e40
RIP=0x00007ff6f6a5e714, EFLAGS=0x0000000000010206, CSGSFS=0x002b000000000033, ERR=0x0000000000000006
  TRAPNO=0x000000000000000e

Top of Stack: (sp=0x00007ff6d6418380)
0x00007ff6d6418380:   00007ff6d6418940 00007ff6f00b21d0
0x00007ff6d6418390:   00007ff6f48778c8 0000000800c417a0
0x00007ff6d64183a0:   00007ff6d6418500 00007ff6f6a2a2fe
0x00007ff6d64183b0:   00007ff6d64183e0 00007ff6d6418440 

Instructions: (pc=0x00007ff6f6a5e714)
0x00007ff6f6a5e614:   30 e8 f6 cf e8 ff 4c 89 e7 e8 2e 48 d1 ff 84 db
0x00007ff6f6a5e624:   75 2a 4d 85 ed 74 04 4d 8b 6d 00 48 83 c4 08 44
0x00007ff6f6a5e634:   89 f9 4c 89 f2 4c 89 ee 5b 4c 89 e7 41 5c 41 5d
0x00007ff6f6a5e644:   41 5e 41 5f 5d e9 e2 47 d1 ff 66 90 48 83 c4 08
0x00007ff6f6a5e654:   5b 41 5c 41 5d 41 5e 41 5f 5d c3 90 31 d2 be 08
0x00007ff6f6a5e664:   00 00 00 4c 89 ff e8 b1 78 a3 ff 49 89 c5 e9 37
0x00007ff6f6a5e674:   ff ff ff 66 0f 1f 84 00 00 00 00 00 48 8b 7a 08
0x00007ff6f6a5e684:   e9 6d ff ff ff 0f 1f 80 00 00 00 00 e8 5b 48 0a
0x00007ff6f6a5e694:   00 84 c0 75 89 e9 6a ff ff ff 66 90 55 48 89 e5
0x00007ff6f6a5e6a4:   41 56 41 55 41 54 49 89 fc 53 48 89 f3 66 48 8d
0x00007ff6f6a5e6b4:   3d 27 5e 85 00 66 66 48 e8 df 43 8d ff 4c 8b 28
0x00007ff6f6a5e6c4:   8b 05 be 72 8a 00 85 c0 75 14 ba 01 00 00 00 48
0x00007ff6f6a5e6d4:   8d 0d ae 72 8a 00 f0 0f b1 11 85 c0 74 4e be c8
0x00007ff6f6a5e6e4:   00 00 00 4c 89 ef e8 01 0b 41 00 48 8d 05 12 ac
0x00007ff6f6a5e6f4:   85 00 49 89 d8 48 8d 0d e8 aa 53 00 ba 49 06 00
0x00007ff6f6a5e704:   00 48 8d 35 3c 35 58 00 bf 00 00 00 e0 48 8b 00
0x00007ff6f6a5e714:   c6 00 58 31 c0 e8 e2 91 c6 ff 5b 41 5c 41 5d 41
0x00007ff6f6a5e724:   5e 5d e9 55 34 26 00 0f 1f 44 00 00 48 8d 05 81
0x00007ff6f6a5e734:   a3 8b 00 48 89 df 4c 8b 30 e8 9e 43 8d ff 48 89
0x00007ff6f6a5e744:   de 48 89 c2 49 8b 06 4c 89 f7 ff 50 08 4c 89 f7
0x00007ff6f6a5e754:   e8 a7 5c 27 00 4d 85 e4 74 12 be 01 00 00 00 4c
0x00007ff6f6a5e764:   89 e7 e8 35 43 fc ff eb 82 0f 1f 00 be 01 00 00
0x00007ff6f6a5e774:   00 4c 89 ef e8 d3 fd ff ff e9 6d ff ff ff 66 66
0x00007ff6f6a5e784:   2e 0f 1f 84 00 00 00 00 00 0f 1f 00 55 48 89 e5
0x00007ff6f6a5e794:   41 57 41 56 41 55 41 54 53 48 81 ec 08 02 00 00
0x00007ff6f6a5e7a4:   64 48 8b 04 25 28 00 00 00 48 89 45 c8 8b 07 83
0x00007ff6f6a5e7b4:   f8 02 0f 84 11 04 00 00 4c 8b 6f 18 49 89 ff 49
0x00007ff6f6a5e7c4:   89 f4 4d 85 ed 74 14 4c 89 ef e8 5d 57 22 00 41
0x00007ff6f6a5e7d4:   8b 07 83 f8 02 0f 84 19 04 00 00 48 8d 1d 9a 06
0x00007ff6f6a5e7e4:   8a 00 4c 8d 35 0b 3c 58 00 eb 38 90 48 85 d2 7f
0x00007ff6f6a5e7f4:   0d 48 8d 05 b4 c0 85 00 48 83 38 00 7e 0e 41 8b
0x00007ff6f6a5e804:   77 2c 4c 89 f7 31 c0 e8 a0 b2 f7 ff 49 8b 7f 18 


Stack slot to memory mapping:
stack at sp + 0 slots: 0x00007ff6d6418940 is pointing into the stack for thread: 0x00007ff6f00b21d0
stack at sp + 1 slots: 0x00007ff6f00b21d0 is a thread
stack at sp + 2 slots: 0x00007ff6f48778c8 points into unknown readable memory: 0x6573001880c9ffff | ff ff c9 80 18 00 73 65
stack at sp + 3 slots: 0x0000000800c417a0 is a pointer to class: 
jdk.vm.ci.services.Services {0x0000000800c417a0}
 - instance size:     2
 - klass size:        65
 - access:            public final synchronized 
 - state:             fully_initialized
 - name:              'jdk/vm/ci/services/Services'
 - super:             'java/lang/Object'
 - sub:               
 - arrays:            NULL
 - methods:           Array<T>(0x00007ff6d6c41b70)
 - method ordering:   Array<T>(0x0000000800928960)
 - default_methods:   Array<T>(0x0000000000000000)
 - local interfaces:  Array<T>(0x00000008005ce810)
 - trans. interfaces: Array<T>(0x00000008005ce810)
 - constants:         constant pool [427] {0x00007ff6d6c40c50} for 'jdk/vm/ci/services/Services' cache=0x00007ff6d6c42e40
 - class loader data:  loader data: 0x00007ff6f00283f0 of 'bootstrap'
 - source file:       'Services.java'
 - class annotations:       Array<T>(0x0000000000000000)
 - class type annotations:  Array<T>(0x0000000000000000)
 - field annotations:       Array<T>(0x0000000000000000)
 - field type annotations:  Array<T>(0x0000000000000000)
 - inner classes:     Array<T>(0x00007ff6d6c42e10)
 - nest members:     Array<T>(0x00007ff6d6c42e30)
 - permitted subclasses:     Array<T>(0x00000008005ce7a0)
 - java mirror:       a 'java/lang/Class'{0x00000000e0176898} = 'jdk/vm/ci/services/Services'
 - vtable length      5  (start addr: 0x0000000800c41970)
 - itable length      2 (start addr: 0x0000000800c41998)
 - ---- static fields (3 words):
 - public static final 'IS_BUILDING_NATIVE_IMAGE' 'Z' @128 
 - public static final 'IS_IN_NATIVE_IMAGE' 'Z' @129 
 - private static volatile 'savedProperties' 'Ljava/util/Map;' @112 
 - static final 'JVMCI_ENABLED' 'Z' @130 
 - private static final 'servicesCache' 'Ljava/util/Map;' @116 
 - private static final 'MAX_UNICODE_IN_UTF8_LENGTH' 'I' @120 
 - private static final 'MAX_UTF8_PROPERTY_STRING_LENGTH' 'I' @124 
 - ---- non-static fields (0 words):
 - non-static oop maps: 
stack at sp + 4 slots: 0x00007ff6d6418500 is pointing into the stack for thread: 0x00007ff6f00b21d0
stack at sp + 5 slots: 0x00007ff6f6a2a2fe: <offset 0x000000000093e2fe> in /nix/store/gpxl5qgg8kicmcvivwmybwjlpf7wh20l-graalvm17-ce-22.3.0/lib/server/libjvm.so at 0x00007ff6f60ec000
stack at sp + 6 slots: 0x00007ff6d64183e0 is pointing into the stack for thread: 0x00007ff6f00b21d0
stack at sp + 7 slots: 0x00007ff6d6418440 is pointing into the stack for thread: 0x00007ff6f00b21d0


---------------  P R O C E S S  ---------------

Threads class SMR info:
_java_thread_list=0x00007ff68017f0f0, length=29, elements={
0x00007ff6f0026690, 0x00007ff6f00a64d0, 0x00007ff6f00a7910, 0x00007ff6f00ae040,
0x00007ff6f00af3f0, 0x00007ff6f00b07e0, 0x00007ff6f00b21d0, 0x00007ff6f00b36e0,
0x00007ff6f00b4b30, 0x00007ff6f00e7e10, 0x00007ff6f012fd70, 0x00007ff6f0312a40,
0x00007ff6f0346100, 0x00007ff6f0348020, 0x00007ff6f05ea700, 0x00007ff68401a640,
0x00007ff6842a0800, 0x00007ff684304680, 0x00007ff684480ae0, 0x00007ff684689ba0,
0x00007ff6f04a55e0, 0x00007ff66c000ff0, 0x00007ff6f0371520, 0x00007ff65442a1e0,
0x00007ff680037250, 0x00007ff68017f320, 0x00007ff680036170, 0x00007ff68017ea00,
0x00007ff68017d020
}

Java Threads: ( => current thread )
  0x00007ff6f0026690 JavaThread "main" [_thread_blocked, id=35, stack(0x00007ff6f5f07000,0x00007ff6f6007000)]
  0x00007ff6f00a64d0 JavaThread "Reference Handler" daemon [_thread_blocked, id=38, stack(0x00007ff6d6b00000,0x00007ff6d6c00000)]
  0x00007ff6f00a7910 JavaThread "Finalizer" daemon [_thread_blocked, id=39, stack(0x00007ff6d6a00000,0x00007ff6d6b00000)]
  0x00007ff6f00ae040 JavaThread "Signal Dispatcher" daemon [_thread_blocked, id=40, stack(0x00007ff6d661a000,0x00007ff6d671a000)]
  0x00007ff6f00af3f0 JavaThread "Service Thread" daemon [_thread_blocked, id=41, stack(0x00007ff6d651a000,0x00007ff6d661a000)]
  0x00007ff6f00b07e0 JavaThread "Monitor Deflation Thread" daemon [_thread_blocked, id=42, stack(0x00007ff6d641a000,0x00007ff6d651a000)]
=>0x00007ff6f00b21d0 JavaThread "JVMCI-native CompilerThread0" daemon [_thread_in_vm, id=43, stack(0x00007ff6d621a000,0x00007ff6d641a000)]
  0x00007ff6f00b36e0 JavaThread "C1 CompilerThread0" daemon [_thread_blocked, id=44, stack(0x00007ff6d601a000,0x00007ff6d621a000)]
  0x00007ff6f00b4b30 JavaThread "Sweeper thread" daemon [_thread_blocked, id=45, stack(0x00007ff6d5f1a000,0x00007ff6d601a000)]
  0x00007ff6f00e7e10 JavaThread "Common-Cleaner" daemon [_thread_blocked, id=46, stack(0x00007ff6d5e1a000,0x00007ff6d5f1a000)]
  0x00007ff6f012fd70 JavaThread "Notification Thread" daemon [_thread_blocked, id=47, stack(0x00007ff6d5d1a000,0x00007ff6d5e1a000)]
  0x00007ff6f0312a40 JavaThread "Active Thread: Equinox Container: 1316c000-4617-4003-951f-260a315d42fa" [_thread_blocked, id=61, stack(0x00007ff6d4900000,0x00007ff6d4a00000)]
  0x00007ff6f0346100 JavaThread "Framework Event Dispatcher: Equinox Container: 1316c000-4617-4003-951f-260a315d42fa" daemon [_thread_blocked, id=62, stack(0x00007ff6d4700000,0x00007ff6d4800000)]
  0x00007ff6f0348020 JavaThread "Start Level: Equinox Container: 1316c000-4617-4003-951f-260a315d42fa" daemon [_thread_blocked, id=63, stack(0x00007ff6d4500000,0x00007ff6d4600000)]
  0x00007ff6f05ea700 JavaThread "Refresh Thread: Equinox Container: 1316c000-4617-4003-951f-260a315d42fa" daemon [_thread_blocked, id=72, stack(0x00007ff6d4300000,0x00007ff6d4400000)]
  0x00007ff68401a640 JavaThread "SCR Component Actor" daemon [_thread_blocked, id=73, stack(0x00007ff6d4100000,0x00007ff6d4200000)]
  0x00007ff6842a0800 JavaThread "Worker-JM" [_thread_blocked, id=83, stack(0x00007ff69d900000,0x00007ff69da00000)]
  0x00007ff684304680 JavaThread "Worker-0" [_thread_blocked, id=91, stack(0x00007ff69d700000,0x00007ff69d800000)]
  0x00007ff684480ae0 JavaThread "Java indexing" daemon [_thread_blocked, id=94, stack(0x00007ff69d300000,0x00007ff69d400000)]
  0x00007ff684689ba0 JavaThread "Bundle File Closer" daemon [_thread_blocked, id=95, stack(0x00007ff69d100000,0x00007ff69d200000)]
  0x00007ff6f04a55e0 JavaThread "pool-3-thread-1" [_thread_blocked, id=104, stack(0x00007ff69d000000,0x00007ff69d100000)]
  0x00007ff66c000ff0 JavaThread "Worker-2" [_thread_blocked, id=105, stack(0x00007ff69cf00000,0x00007ff69d000000)]
  0x00007ff6f0371520 JavaThread "pool-2-thread-1" [_thread_blocked, id=106, stack(0x00007ff69db00000,0x00007ff69dc00000)]
  0x00007ff65442a1e0 JavaThread "Okio Watchdog" daemon [_thread_blocked, id=194, stack(0x00007ff6d4000000,0x00007ff6d4100000)]
  0x00007ff680037250 JavaThread "Thread-13" [_thread_blocked, id=712, stack(0x00007ff69c700000,0x00007ff69c800000)]
  0x00007ff68017f320 JavaThread "Thread-14" [_thread_blocked, id=913, stack(0x00007ff69d500000,0x00007ff69d600000)]
  0x00007ff680036170 JavaThread "Thread-15" [_thread_blocked, id=1279, stack(0x00007ff69cb00000,0x00007ff69cc00000)]
  0x00007ff68017ea00 JavaThread "Thread-16" [_thread_blocked, id=1720, stack(0x00007ff69cd00000,0x00007ff69ce00000)]
  0x00007ff68017d020 JavaThread "Thread-17" [_thread_blocked, id=3220, stack(0x00007ff69d600000,0x00007ff69d700000)]

Other Threads:
  0x00007ff6f00a1c10 VMThread "VM Thread" [stack: 0x00007ff6f4020000,0x00007ff6f4120000] [id=37] _threads_hazard_ptr=0x00007ff68017f0f0
  0x00007ff6f0131710 WatcherThread [stack: 0x00007ff6d5c1a000,0x00007ff6d5d1a000] [id=48]
  0x00007ff6f003df30 GCTaskThread "GC Thread#0" [stack: 0x00007ff6f5aca000,0x00007ff6f5bca000] [id=36]

Threads with active compile tasks:
JVMCI-native CompilerThread0   992241 8733       4       org.eclipse.jdt.internal.core.util.Util::indexOfJavaLikeExtension (112 bytes)

VM state: synchronizing (normal execution)

VM Mutex/Monitor currently owned by a thread:  ([mutex/lock_event])
[0x00007ff6f0023840] Threads_lock - owner thread: 0x00007ff6f00a1c10
[0x00007ff6f0023ff0] Heap_lock - owner thread: 0x00007ff680036170

OutOfMemory and StackOverflow Exception counts:
OutOfMemoryError java_heap_errors=7
LinkageErrors=70

Heap address: 0x00000000e0000000, size: 512 MB, Compressed Oops mode: 32-bit

CDS archive(s) mapped at: [0x0000000800000000-0x0000000800bc8000-0x0000000800bc8000), size 12353536, SharedBaseAddress: 0x0000000800000000, ArchiveRelocationMode: 0.
Compressed class space mapped at: 0x0000000800c00000-0x0000000840c00000, reserved size: 1073741824
Narrow klass base: 0x0000000800000000, Narrow klass shift: 0, Narrow klass range: 0x100000000

GC Precious Log:
 CPUs: 8 total, 1 available
 Memory: 1024M
 Large Page Support: Disabled
 NUMA Support: Disabled
 Compressed Oops: Enabled (32-bit)
 Alignments: Space 512K, Generation 512K, Heap 2M
 Heap Min Capacity: 100M
 Heap Initial Capacity: 100M
 Heap Max Capacity: 512M
 Pre-touch: Disabled
 Parallel Workers: 1

Heap:
 PSYoungGen      total 71168K, used 46592K [0x00000000f5580000, 0x00000000fb680000, 0x0000000100000000)
  eden space 46592K, 100% used [0x00000000f5580000,0x00000000f8300000,0x00000000f8300000)
  from space 24576K, 0% used [0x00000000f9c00000,0x00000000f9c00000,0x00000000fb400000)
  to   space 25088K, 0% used [0x00000000f8300000,0x00000000f8300000,0x00000000f9b80000)
 ParOldGen       total 349696K, used 349695K [0x00000000e0000000, 0x00000000f5580000, 0x00000000f5580000)
  object space 349696K, 99% used [0x00000000e0000000,0x00000000f557fff0,0x00000000f5580000)
 Metaspace       used 59871K, committed 60864K, reserved 1105920K
  class space    used 5930K, committed 6400K, reserved 1048576K

Card table byte_map: [0x00007ff6f5bca000,0x00007ff6f5ccb000] _byte_map_base: 0x00007ff6f54ca000

Marking Bits: (ParMarkBitMap*) 0x00007ff6f731a4c0
 Begin Bits: [0x00007ff6f4a1d000, 0x00007ff6f521d000)
 End Bits:   [0x00007ff6f521d000, 0x00007ff6f5a1d000)

Polling page: 0x00007ff6f5ee4000

Metaspace:

Usage:
  Non-class:     52.68 MB used.
      Class:      5.79 MB used.
       Both:     58.47 MB used.

Virtual space:
  Non-class space:       56.00 MB reserved,      53.19 MB ( 95%) committed,  7 nodes.
      Class space:        1.00 GB reserved,       6.25 MB ( <1%) committed,  1 nodes.
             Both:        1.05 GB reserved,      59.44 MB (  6%) committed. 

Chunk freelists:
   Non-Class:  2.80 MB
       Class:  1.85 MB
        Both:  4.66 MB

MaxMetaspaceSize: unlimited
CompressedClassSpaceSize: 1.00 GB
Initial GC threshold: 21.00 MB
Current GC threshold: 99.00 MB
CDS: on
MetaspaceReclaimPolicy: balanced
 - commit_granule_bytes: 65536.
 - commit_granule_words: 8192.
 - virtual_space_node_default_size: 1048576.
 - enlarge_chunks_in_place: 1.
 - new_chunks_are_fully_committed: 0.
 - uncommit_free_chunks: 1.
 - use_allocation_guard: 0.
 - handle_deallocations: 1.


Internal statistics:

num_allocs_failed_limit: 6.
num_arena_births: 500.
num_arena_deaths: 150.
num_vsnodes_births: 8.
num_vsnodes_deaths: 0.
num_space_committed: 950.
num_space_uncommitted: 0.
num_chunks_returned_to_freelist: 213.
num_chunks_taken_from_freelist: 2846.
num_chunk_merges: 87.
num_chunk_splits: 1838.
num_chunks_enlarged: 1175.
num_purges: 4.
num_inconsistent_stats: 0.

CodeHeap 'non-profiled nmethods': size=120036Kb used=2674Kb max_used=2674Kb free=117361Kb
 bounds [0x00007ff6def7a000, 0x00007ff6df21a000, 0x00007ff6e64b3000]
CodeHeap 'profiled nmethods': size=120032Kb used=15026Kb max_used=16302Kb free=105005Kb
 bounds [0x00007ff6d7a42000, 0x00007ff6d8a32000, 0x00007ff6def7a000]
CodeHeap 'non-nmethods': size=5692Kb used=1399Kb max_used=1408Kb free=4292Kb
 bounds [0x00007ff6d74b3000, 0x00007ff6d7723000, 0x00007ff6d7a42000]
 total_blobs=7629 nmethods=6888 adapters=630
 compilation: enabled
              stopped_count=0, restarted_count=0
 full_count=0

JVMCI Events (20 events):
Event: 735.679 Thread 0x00007ff6f00b21d0 releasing handles for JVMCI runtime 0: oop handles=45, metadata handles={total=96, live=85, blocks=38}
Event: 735.679 Thread 0x00007ff6f00b21d0 detached from JVMCI runtime 0
Event: 737.338 Thread 0x00007ff6f00b21d0 attached to JVMCI runtime 0
Event: 737.340 Thread 0x00007ff6f00b21d0 created JavaVM[7]@0x00007ff69bf9e340 for JVMCI runtime 0
Event: 737.340 Thread 0x00007ff6f00b21d0 initializing JVMCI runtime 0
Event: 737.340 Thread 0x00007ff6f00b21d0 done waiting for JavaVM references initialization in JVMCI runtime 0
Event: 821.436 Thread 0x00007ff6f00b21d0 initialized JVMCI runtime 0
Event: 880.886 Thread 0x00007ff6f00b21d0 compacted oop handles in JVMCI runtime 0 from 257 to 228
Event: 884.178 Thread 0x00007ff6f00b21d0 detaching from JVMCI runtime 0: releasing idle compiler thread (0 other threads still attached)
Event: 884.178 Thread 0x00007ff6f00b21d0 shutting down HotSpotJVMCIRuntime for JVMCI runtime 0
Event: 884.178 Thread 0x00007ff6f00b21d0 compacted oop handles in JVMCI runtime 0 from 228 to 196
Event: 884.178 Thread 0x00007ff6f00b21d0 shut down JVMCI runtime 0
Event: 885.786 Thread 0x00007ff6f00b21d0 destroyed JavaVM[7]@0x00007ff69bf9e340 for JVMCI runtime 0
Event: 885.786 Thread 0x00007ff6f00b21d0 compacted oop handles in JVMCI runtime 0 from 196 to 196
Event: 885.786 Thread 0x00007ff6f00b21d0 releasing handles for JVMCI runtime 0: oop handles=196, metadata handles={total=512, live=509, blocks=38}
Event: 885.786 Thread 0x00007ff6f00b21d0 detached from JVMCI runtime 0
Event: 901.180 Thread 0x00007ff6f00b21d0 attached to JVMCI runtime 0
Event: 901.181 Thread 0x00007ff6f00b21d0 created JavaVM[8]@0x00007ff69bf9e340 for JVMCI runtime 0
Event: 901.181 Thread 0x00007ff6f00b21d0 initializing JVMCI runtime 0
Event: 901.181 Thread 0x00007ff6f00b21d0 done waiting for JavaVM references initialization in JVMCI runtime 0

Compilation events (20 events):
Event: 725.137 Thread 0x00007ff6f00b21d0 nmethod 8724 0x00007ff6df210a90 code [0x00007ff6df210c20, 0x00007ff6df210c90]
Event: 725.139 Thread 0x00007ff6f00b36e0 8725 %     3       java.lang.StackTraceElement::of @ 7 (68 bytes)
Event: 725.140 Thread 0x00007ff6f00b36e0 nmethod 8725% 0x00007ff6d7cd8910 code [0x00007ff6d7cd8b00, 0x00007ff6d7cd92f0]
Event: 735.680 Thread 0x00007ff6f00b36e0 8726       3       org.eclipse.jdt.internal.compiler.util.HashtableOfObjectToInt::put (104 bytes)
Event: 737.338 Thread 0x00007ff6f00b21d0 8727 %     4       org.eclipse.jdt.core.compiler.CharOperation::splitOn @ 35 (159 bytes)
Event: 737.339 Thread 0x00007ff6f00b36e0 nmethod 8726 0x00007ff6d8905010 code [0x00007ff6d8905220, 0x00007ff6d8905d00]
Event: 741.188 Thread 0x00007ff6f00b36e0 8728       3       org.eclipse.jdt.internal.codeassist.select.SelectionParser::assistIdentifier (11 bytes)
Event: 744.910 Thread 0x00007ff6f00b36e0 nmethod 8728 0x00007ff6d8249490 code [0x00007ff6d8249640, 0x00007ff6d82499b0]
Event: 831.895 Thread 0x00007ff6f00b21d0 nmethod 8727% 0x00007ff6df210d90 code [0x00007ff6df210f60, 0x00007ff6df211828]
Event: 831.895 Thread 0x00007ff6f00b21d0 8729   !   4       org.eclipse.osgi.internal.loader.BundleLoader::findClass0 (461 bytes)
Event: 868.643 Thread 0x00007ff6f00b36e0 8730       1       org.eclipse.jdt.internal.compiler.util.CharArrayMap::size (5 bytes)
Event: 868.644 Thread 0x00007ff6f00b36e0 nmethod 8730 0x00007ff6df211c10 code [0x00007ff6df211da0, 0x00007ff6df211e70]
Event: 880.886 Thread 0x00007ff6f00b21d0 nmethod 8729 0x00007ff6df211f10 code [0x00007ff6df212380, 0x00007ff6df214710]
Event: 884.181 Thread 0x00007ff6f00b36e0 8731       3       java.util.concurrent.ThreadPoolExecutor::isShutdown (12 bytes)
Event: 884.182 Thread 0x00007ff6f00b36e0 nmethod 8731 0x00007ff6d82adf10 code [0x00007ff6d82ae0c0, 0x00007ff6d82ae2b0]
Event: 899.486 Thread 0x00007ff6f00b36e0 8732       3       java.util.concurrent.ScheduledThreadPoolExecutor::canRunInCurrentRunState (61 bytes)
Event: 899.487 Thread 0x00007ff6f00b36e0 nmethod 8732 0x00007ff6d80cc990 code [0x00007ff6d80ccba0, 0x00007ff6d80cd640]
Event: 901.180 Thread 0x00007ff6f00b21d0 8733       4       org.eclipse.jdt.internal.core.util.Util::indexOfJavaLikeExtension (112 bytes)
Event: 948.245 Thread 0x00007ff6f00b36e0 8734       3       org.eclipse.jdt.internal.compiler.lookup.LookupEnvironment::computePackageFrom (528 bytes)
Event: 949.969 Thread 0x00007ff6f00b36e0 nmethod 8734 0x00007ff6d8430b10 code [0x00007ff6d8430fc0, 0x00007ff6d84369f0]

GC Heap History (20 events):
Event: 971.848 GC heap before
{Heap before GC invocations=564 (full 469):
 PSYoungGen      total 71168K, used 46591K [0x00000000f5580000, 0x00000000fb680000, 0x0000000100000000)
  eden space 46592K, 99% used [0x00000000f5580000,0x00000000f82ffff8,0x00000000f8300000)
  from space 24576K, 0% used [0x00000000f9c00000,0x00000000f9c00000,0x00000000fb400000)
  to   space 25088K, 0% used [0x00000000f8300000,0x00000000f8300000,0x00000000f9b80000)
 ParOldGen       total 349696K, used 349695K [0x00000000e0000000, 0x00000000f5580000, 0x00000000f5580000)
  object space 349696K, 99% used [0x00000000e0000000,0x00000000f557fcb8,0x00000000f5580000)
 Metaspace       used 59869K, committed 60864K, reserved 1105920K
  class space    used 5930K, committed 6400K, reserved 1048576K
}
Event: 974.007 GC heap after
{Heap after GC invocations=564 (full 469):
 PSYoungGen      total 71680K, used 46591K [0x00000000f5580000, 0x00000000fb680000, 0x0000000100000000)
  eden space 46592K, 99% used [0x00000000f5580000,0x00000000f82ffff8,0x00000000f8300000)
  from space 25088K, 0% used [0x00000000f8300000,0x00000000f8300000,0x00000000f9b80000)
  to   space 24576K, 0% used [0x00000000f9c00000,0x00000000f9c00000,0x00000000fb400000)
 ParOldGen       total 349696K, used 349695K [0x00000000e0000000, 0x00000000f5580000, 0x00000000f5580000)
  object space 349696K, 99% used [0x00000000e0000000,0x00000000f557fcb8,0x00000000f5580000)
 Metaspace       used 59869K, committed 60864K, reserved 1105920K
  class space    used 5930K, committed 6400K, reserved 1048576K
}
Event: 974.008 GC heap before
{Heap before GC invocations=565 (full 470):
 PSYoungGen      total 71680K, used 46591K [0x00000000f5580000, 0x00000000fb680000, 0x0000000100000000)
  eden space 46592K, 99% used [0x00000000f5580000,0x00000000f82ffff8,0x00000000f8300000)
  from space 25088K, 0% used [0x00000000f8300000,0x00000000f8300000,0x00000000f9b80000)
  to   space 24576K, 0% used [0x00000000f9c00000,0x00000000f9c00000,0x00000000fb400000)
 ParOldGen       total 349696K, used 349695K [0x00000000e0000000, 0x00000000f5580000, 0x00000000f5580000)
  object space 349696K, 99% used [0x00000000e0000000,0x00000000f557fff8,0x00000000f5580000)
 Metaspace       used 59869K, committed 60864K, reserved 1105920K
  class space    used 5930K, committed 6400K, reserved 1048576K
}
Event: 975.886 GC heap after
{Heap after GC invocations=565 (full 470):
 PSYoungGen      total 71168K, used 46591K [0x00000000f5580000, 0x00000000fb680000, 0x0000000100000000)
  eden space 46592K, 99% used [0x00000000f5580000,0x00000000f82fff68,0x00000000f8300000)
  from space 24576K, 0% used [0x00000000f9c00000,0x00000000f9c00000,0x00000000fb400000)
  to   space 25088K, 0% used [0x00000000f8300000,0x00000000f8300000,0x00000000f9b80000)
 ParOldGen       total 349696K, used 349695K [0x00000000e0000000, 0x00000000f5580000, 0x00000000f5580000)
  object space 349696K, 99% used [0x00000000e0000000,0x00000000f557fdd8,0x00000000f5580000)
 Metaspace       used 59869K, committed 60864K, reserved 1105920K
  class space    used 5930K, committed 6400K, reserved 1048576K
}
Event: 975.886 GC heap before
{Heap before GC invocations=566 (full 471):
 PSYoungGen      total 71168K, used 46591K [0x00000000f5580000, 0x00000000fb680000, 0x0000000100000000)
  eden space 46592K, 99% used [0x00000000f5580000,0x00000000f82ffff8,0x00000000f8300000)
  from space 24576K, 0% used [0x00000000f9c00000,0x00000000f9c00000,0x00000000fb400000)
  to   space 25088K, 0% used [0x00000000f8300000,0x00000000f8300000,0x00000000f9b80000)
 ParOldGen       total 349696K, used 349695K [0x00000000e0000000, 0x00000000f5580000, 0x00000000f5580000)
  object space 349696K, 99% used [0x00000000e0000000,0x00000000f557fdd8,0x00000000f5580000)
 Metaspace       used 59869K, committed 60864K, reserved 1105920K
  class space    used 5930K, committed 6400K, reserved 1048576K
}
Event: 978.030 GC heap after
{Heap after GC invocations=566 (full 471):
 PSYoungGen      total 71680K, used 46591K [0x00000000f5580000, 0x00000000fb680000, 0x0000000100000000)
  eden space 46592K, 99% used [0x00000000f5580000,0x00000000f82ffff8,0x00000000f8300000)
  from space 25088K, 0% used [0x00000000f8300000,0x00000000f8300000,0x00000000f9b80000)
  to   space 24576K, 0% used [0x00000000f9c00000,0x00000000f9c00000,0x00000000fb400000)
 ParOldGen       total 349696K, used 349695K [0x00000000e0000000, 0x00000000f5580000, 0x00000000f5580000)
  object space 349696K, 99% used [0x00000000e0000000,0x00000000f557fdd8,0x00000000f5580000)
 Metaspace       used 59869K, committed 60864K, reserved 1105920K
  class space    used 5930K, committed 6400K, reserved 1048576K
}
Event: 978.030 GC heap before
{Heap before GC invocations=567 (full 472):
 PSYoungGen      total 71680K, used 46591K [0x00000000f5580000, 0x00000000fb680000, 0x0000000100000000)
  eden space 46592K, 99% used [0x00000000f5580000,0x00000000f82ffff8,0x00000000f8300000)
  from space 25088K, 0% used [0x00000000f8300000,0x00000000f8300000,0x00000000f9b80000)
  to   space 24576K, 0% used [0x00000000f9c00000,0x00000000f9c00000,0x00000000fb400000)
 ParOldGen       total 349696K, used 349695K [0x00000000e0000000, 0x00000000f5580000, 0x00000000f5580000)
  object space 349696K, 99% used [0x00000000e0000000,0x00000000f557fff8,0x00000000f5580000)
 Metaspace       used 59869K, committed 60864K, reserved 1105920K
  class space    used 5930K, committed 6400K, reserved 1048576K
}
Event: 980.125 GC heap after
{Heap after GC invocations=567 (full 472):
 PSYoungGen      total 71168K, used 46591K [0x00000000f5580000, 0x00000000fb680000, 0x0000000100000000)
  eden space 46592K, 99% used [0x00000000f5580000,0x00000000f82fffb0,0x00000000f8300000)
  from space 24576K, 0% used [0x00000000f9c00000,0x00000000f9c00000,0x00000000fb400000)
  to   space 25088K, 0% used [0x00000000f8300000,0x00000000f8300000,0x00000000f9b80000)
 ParOldGen       total 349696K, used 349695K [0x00000000e0000000, 0x00000000f5580000, 0x00000000f5580000)
  object space 349696K, 99% used [0x00000000e0000000,0x00000000f557ffa8,0x00000000f5580000)
 Metaspace       used 59869K, committed 60864K, reserved 1105920K
  class space    used 5930K, committed 6400K, reserved 1048576K
}
Event: 980.128 GC heap before
{Heap before GC invocations=568 (full 473):
 PSYoungGen      total 71168K, used 46592K [0x00000000f5580000, 0x00000000fb680000, 0x0000000100000000)
  eden space 46592K, 100% used [0x00000000f5580000,0x00000000f8300000,0x00000000f8300000)
  from space 24576K, 0% used [0x00000000f9c00000,0x00000000f9c00000,0x00000000fb400000)
  to   space 25088K, 0% used [0x00000000f8300000,0x00000000f8300000,0x00000000f9b80000)
 ParOldGen       total 349696K, used 349695K [0x00000000e0000000, 0x00000000f5580000, 0x00000000f5580000)
  object space 349696K, 99% used [0x00000000e0000000,0x00000000f557ffa8,0x00000000f5580000)
 Metaspace       used 59869K, committed 60864K, reserved 1105920K
  class space    used 5930K, committed 6400K, reserved 1048576K
}
Event: 982.535 GC heap after
{Heap after GC invocations=568 (full 473):
 PSYoungGen      total 71680K, used 46591K [0x00000000f5580000, 0x00000000fb680000, 0x0000000100000000)
  eden space 46592K, 99% used [0x00000000f5580000,0x00000000f82fffb0,0x00000000f8300000)
  from space 25088K, 0% used [0x00000000f8300000,0x00000000f8300000,0x00000000f9b80000)
  to   space 24576K, 0% used [0x00000000f9c00000,0x00000000f9c00000,0x00000000fb400000)
 ParOldGen       total 349696K, used 349695K [0x00000000e0000000, 0x00000000f5580000, 0x00000000f5580000)
  object space 349696K, 99% used [0x00000000e0000000,0x00000000f557ffa8,0x00000000f5580000)
 Metaspace       used 59869K, committed 60864K, reserved 1105920K
  class space    used 5930K, committed 6400K, reserved 1048576K
}
Event: 982.537 GC heap before
{Heap before GC invocations=569 (full 474):
 PSYoungGen      total 71680K, used 46592K [0x00000000f5580000, 0x00000000fb680000, 0x0000000100000000)
  eden space 46592K, 100% used [0x00000000f5580000,0x00000000f8300000,0x00000000f8300000)
  from space 25088K, 0% used [0x00000000f8300000,0x00000000f8300000,0x00000000f9b80000)
  to   space 24576K, 0% used [0x00000000f9c00000,0x00000000f9c00000,0x00000000fb400000)
 ParOldGen       total 349696K, used 349695K [0x00000000e0000000, 0x00000000f5580000, 0x00000000f5580000)
  object space 349696K, 99% used [0x00000000e0000000,0x00000000f557ffa8,0x00000000f5580000)
 Metaspace       used 59869K, committed 60864K, reserved 1105920K
  class space    used 5930K, committed 6400K, reserved 1048576K
}
Event: 984.647 GC heap after
{Heap after GC invocations=569 (full 474):
 PSYoungGen      total 71168K, used 46591K [0x00000000f5580000, 0x00000000fb680000, 0x0000000100000000)
  eden space 46592K, 99% used [0x00000000f5580000,0x00000000f82fffb0,0x00000000f8300000)
  from space 24576K, 0% used [0x00000000f9c00000,0x00000000f9c00000,0x00000000fb400000)
  to   space 25088K, 0% used [0x00000000f8300000,0x00000000f8300000,0x00000000f9b80000)
 ParOldGen       total 349696K, used 349695K [0x00000000e0000000, 0x00000000f5580000, 0x00000000f5580000)
  object space 349696K, 99% used [0x00000000e0000000,0x00000000f557ffa8,0x00000000f5580000)
 Metaspace       used 59869K, committed 60864K, reserved 1105920K
  class space    used 5930K, committed 6400K, reserved 1048576K
}
Event: 984.647 GC heap before
{Heap before GC invocations=570 (full 475):
 PSYoungGen      total 71168K, used 46592K [0x00000000f5580000, 0x00000000fb680000, 0x0000000100000000)
  eden space 46592K, 100% used [0x00000000f5580000,0x00000000f8300000,0x00000000f8300000)
  from space 24576K, 0% used [0x00000000f9c00000,0x00000000f9c00000,0x00000000fb400000)
  to   space 25088K, 0% used [0x00000000f8300000,0x00000000f8300000,0x00000000f9b80000)
 ParOldGen       total 349696K, used 349695K [0x00000000e0000000, 0x00000000f5580000, 0x00000000f5580000)
  object space 349696K, 99% used [0x00000000e0000000,0x00000000f557ffa8,0x00000000f5580000)
 Metaspace       used 59869K, committed 60864K, reserved 1105920K
  class space    used 5930K, committed 6400K, reserved 1048576K
}
Event: 986.750 GC heap after
{Heap after GC invocations=570 (full 475):
 PSYoungGen      total 71680K, used 46591K [0x00000000f5580000, 0x00000000fb680000, 0x0000000100000000)
  eden space 46592K, 99% used [0x00000000f5580000,0x00000000f82fffb0,0x00000000f8300000)
  from space 25088K, 0% used [0x00000000f8300000,0x00000000f8300000,0x00000000f9b80000)
  to   space 24576K, 0% used [0x00000000f9c00000,0x00000000f9c00000,0x00000000fb400000)
 ParOldGen       total 349696K, used 349695K [0x00000000e0000000, 0x00000000f5580000, 0x00000000f5580000)
  object space 349696K, 99% used [0x00000000e0000000,0x00000000f557ffa8,0x00000000f5580000)
 Metaspace       used 59869K, committed 60864K, reserved 1105920K
  class space    used 5930K, committed 6400K, reserved 1048576K
}
Event: 986.750 GC heap before
{Heap before GC invocations=571 (full 476):
 PSYoungGen      total 71680K, used 46592K [0x00000000f5580000, 0x00000000fb680000, 0x0000000100000000)
  eden space 46592K, 100% used [0x00000000f5580000,0x00000000f8300000,0x00000000f8300000)
  from space 25088K, 0% used [0x00000000f8300000,0x00000000f8300000,0x00000000f9b80000)
  to   space 24576K, 0% used [0x00000000f9c00000,0x00000000f9c00000,0x00000000fb400000)
 ParOldGen       total 349696K, used 349695K [0x00000000e0000000, 0x00000000f5580000, 0x00000000f5580000)
  object space 349696K, 99% used [0x00000000e0000000,0x00000000f557ffa8,0x00000000f5580000)
 Metaspace       used 59869K, committed 60864K, reserved 1105920K
  class space    used 5930K, committed 6400K, reserved 1048576K
}
Event: 988.474 GC heap after
{Heap after GC invocations=571 (full 476):
 PSYoungGen      total 71168K, used 46591K [0x00000000f5580000, 0x00000000fb680000, 0x0000000100000000)
  eden space 46592K, 99% used [0x00000000f5580000,0x00000000f82fffb0,0x00000000f8300000)
  from space 24576K, 0% used [0x00000000f9c00000,0x00000000f9c00000,0x00000000fb400000)
  to   space 25088K, 0% used [0x00000000f8300000,0x00000000f8300000,0x00000000f9b80000)
 ParOldGen       total 349696K, used 349695K [0x00000000e0000000, 0x00000000f5580000, 0x00000000f5580000)
  object space 349696K, 99% used [0x00000000e0000000,0x00000000f557ffa8,0x00000000f5580000)
 Metaspace       used 59869K, committed 60864K, reserved 1105920K
  class space    used 5930K, committed 6400K, reserved 1048576K
}
Event: 988.476 GC heap before
{Heap before GC invocations=572 (full 477):
 PSYoungGen      total 71168K, used 46591K [0x00000000f5580000, 0x00000000fb680000, 0x0000000100000000)
  eden space 46592K, 99% used [0x00000000f5580000,0x00000000f82ffff0,0x00000000f8300000)
  from space 24576K, 0% used [0x00000000f9c00000,0x00000000f9c00000,0x00000000fb400000)
  to   space 25088K, 0% used [0x00000000f8300000,0x00000000f8300000,0x00000000f9b80000)
 ParOldGen       total 349696K, used 349695K [0x00000000e0000000, 0x00000000f5580000, 0x00000000f5580000)
  object space 349696K, 99% used [0x00000000e0000000,0x00000000f557ffa8,0x00000000f5580000)
 Metaspace       used 59869K, committed 60864K, reserved 1105920K
  class space    used 5930K, committed 6400K, reserved 1048576K
}
Event: 990.351 GC heap after
{Heap after GC invocations=572 (full 477):
 PSYoungGen      total 71680K, used 46591K [0x00000000f5580000, 0x00000000fb680000, 0x0000000100000000)
  eden space 46592K, 99% used [0x00000000f5580000,0x00000000f82fffb0,0x00000000f8300000)
  from space 25088K, 0% used [0x00000000f8300000,0x00000000f8300000,0x00000000f9b80000)
  to   space 24576K, 0% used [0x00000000f9c00000,0x00000000f9c00000,0x00000000fb400000)
 ParOldGen       total 349696K, used 349695K [0x00000000e0000000, 0x00000000f5580000, 0x00000000f5580000)
  object space 349696K, 99% used [0x00000000e0000000,0x00000000f557ff88,0x00000000f5580000)
 Metaspace       used 59869K, committed 60864K, reserved 1105920K
  class space    used 5930K, committed 6400K, reserved 1048576K
}
Event: 990.351 GC heap before
{Heap before GC invocations=573 (full 478):
 PSYoungGen      total 71680K, used 46591K [0x00000000f5580000, 0x00000000fb680000, 0x0000000100000000)
  eden space 46592K, 99% used [0x00000000f5580000,0x00000000f82fffb0,0x00000000f8300000)
  from space 25088K, 0% used [0x00000000f8300000,0x00000000f8300000,0x00000000f9b80000)
  to   space 24576K, 0% used [0x00000000f9c00000,0x00000000f9c00000,0x00000000fb400000)
 ParOldGen       total 349696K, used 349695K [0x00000000e0000000, 0x00000000f5580000, 0x00000000f5580000)
  object space 349696K, 99% used [0x00000000e0000000,0x00000000f557ff88,0x00000000f5580000)
 Metaspace       used 59869K, committed 60864K, reserved 1105920K
  class space    used 5930K, committed 6400K, reserved 1048576K
}
Event: 992.155 GC heap after
{Heap after GC invocations=573 (full 478):
 PSYoungGen      total 71168K, used 46591K [0x00000000f5580000, 0x00000000fb680000, 0x0000000100000000)
  eden space 46592K, 99% used [0x00000000f5580000,0x00000000f82fffb0,0x00000000f8300000)
  from space 24576K, 0% used [0x00000000f9c00000,0x00000000f9c00000,0x00000000fb400000)
  to   space 25088K, 0% used [0x00000000f8300000,0x00000000f8300000,0x00000000f9b80000)
 ParOldGen       total 349696K, used 349695K [0x00000000e0000000, 0x00000000f5580000, 0x00000000f5580000)
  object space 349696K, 99% used [0x00000000e0000000,0x00000000f557ff88,0x00000000f5580000)
 Metaspace       used 59869K, committed 60864K, reserved 1105920K
  class space    used 5930K, committed 6400K, reserved 1048576K
}

Dll operation events (9 events):
Event: 0.002 Loaded shared library /nix/store/gpxl5qgg8kicmcvivwmybwjlpf7wh20l-graalvm17-ce-22.3.0/lib/libjava.so
Event: 0.007 Loaded shared library /nix/store/gpxl5qgg8kicmcvivwmybwjlpf7wh20l-graalvm17-ce-22.3.0/lib/libjsvml.so
Event: 0.188 Loaded shared library /nix/store/gpxl5qgg8kicmcvivwmybwjlpf7wh20l-graalvm17-ce-22.3.0/lib/libnio.so
Event: 0.193 Loaded shared library /nix/store/gpxl5qgg8kicmcvivwmybwjlpf7wh20l-graalvm17-ce-22.3.0/lib/libzip.so
Event: 0.195 Loaded shared library /nix/store/gpxl5qgg8kicmcvivwmybwjlpf7wh20l-graalvm17-ce-22.3.0/lib/libjvmcicompiler.so
Event: 0.716 Loaded shared library /nix/store/gpxl5qgg8kicmcvivwmybwjlpf7wh20l-graalvm17-ce-22.3.0/lib/libjimage.so
Event: 1.360 Loaded shared library /nix/store/gpxl5qgg8kicmcvivwmybwjlpf7wh20l-graalvm17-ce-22.3.0/lib/libnet.so
Event: 5.660 Loaded shared library /home/runner/.cache/jdt-language-server/config/org.eclipse.equinox.launcher/org.eclipse.equinox.launcher.gtk.linux.x86_64_1.2.400.v20211117-0650/eclipse_11600.so
Event: 16.372 Loaded shared library /nix/store/gpxl5qgg8kicmcvivwmybwjlpf7wh20l-graalvm17-ce-22.3.0/lib/libextnet.so

Deoptimization events (20 events):
Event: 109.548 Thread 0x00007ff68017d020 DEOPT PACKING pc=0x00007ff6df1c9d68 sp=0x00007ff69cefe0d0
Event: 109.548 Thread 0x00007ff68017d020 DEOPT UNPACKING pc=0x00007ff6d7505325 sp=0x00007ff69cefd570 mode 3
Event: 109.548 Thread 0x00007ff68017d020 Uncommon trap: trap_request=0xffffffed fr.pc=0x00007ff6df1ca610 relative=0x0000000000000070
Event: 109.548 Thread 0x00007ff68017d020 Uncommon trap: reason=null_assert_or_unreached0 action=reinterpret pc=0x00007ff6df1ca610 method=org.eclipse.jdt.core.Signature.appendTypeSignature([CIZLjava/lang/StringBuffer;)I @ 0 jvmci
Event: 109.548 Thread 0x00007ff68017d020 DEOPT PACKING pc=0x00007ff6df1ca610 sp=0x00007ff69cefe040
Event: 109.548 Thread 0x00007ff68017d020 DEOPT UNPACKING pc=0x00007ff6d7505325 sp=0x00007ff69cefd4e8 mode 3
Event: 109.548 Thread 0x00007ff68017d020 Uncommon trap: trap_request=0xffffffed fr.pc=0x00007ff6df19f10b relative=0x000000000000132b
Event: 109.548 Thread 0x00007ff68017d020 Uncommon trap: reason=null_assert_or_unreached0 action=reinterpret pc=0x00007ff6df19f10b method=org.eclipse.jdt.core.Signature.appendClassTypeSignature([CIZLjava/lang/StringBuffer;)I @ 0 jvmci
Event: 109.548 Thread 0x00007ff68017d020 DEOPT PACKING pc=0x00007ff6df19f10b sp=0x00007ff69cefdec0
Event: 109.548 Thread 0x00007ff68017d020 DEOPT UNPACKING pc=0x00007ff6d7505325 sp=0x00007ff69cefd358 mode 3
Event: 428.557 Thread 0x00007ff6f00b21d0 DEOPT PACKING pc=0x00007ff6d7a73510 sp=0x00007ff6d6417f30
Event: 428.557 Thread 0x00007ff6f00b21d0 DEOPT UNPACKING pc=0x00007ff6d7505325 sp=0x00007ff6d6417458 mode 0
Event: 778.965 Thread 0x00007ff684480ae0 Uncommon trap: trap_request=0xffffff8f fr.pc=0x00007ff6df1ed014 relative=0x0000000000000274
Event: 778.965 Thread 0x00007ff684480ae0 Uncommon trap: reason=constraint action=none pc=0x00007ff6df1ed014 method=org.eclipse.jdt.internal.core.index.DiskIndex$IntList.add(I)V @ 0 jvmci
Event: 780.570 Thread 0x00007ff684480ae0 DEOPT PACKING pc=0x00007ff6df1ed014 sp=0x00007ff69d3fe520
Event: 780.570 Thread 0x00007ff684480ae0 DEOPT UNPACKING pc=0x00007ff6d7505325 sp=0x00007ff69d3fd9c0 mode 3
Event: 790.339 Thread 0x00007ff68017d020 Uncommon trap: trap_request=0xffffff8f fr.pc=0x00007ff6df0b7fdb relative=0x000000000000031b
Event: 790.339 Thread 0x00007ff68017d020 Uncommon trap: reason=constraint action=none pc=0x00007ff6df0b7fdb method=java.util.Arrays.copyOfRange([BII)[B @ 61 jvmci
Event: 807.481 Thread 0x00007ff68017d020 DEOPT PACKING pc=0x00007ff6df0b7fdb sp=0x00007ff69d6fddd0
Event: 807.481 Thread 0x00007ff68017d020 DEOPT UNPACKING pc=0x00007ff6d7505325 sp=0x00007ff69d6fd150 mode 3

Classes unloaded (20 events):
Event: 88.533 Thread 0x00007ff6f00a1c10 Unloading class 0x0000000800d99000 'java/lang/invoke/LambdaForm$MH+0x0000000800d99000'
Event: 88.533 Thread 0x00007ff6f00a1c10 Unloading class 0x0000000800d98c00 'java/lang/invoke/LambdaForm$MH+0x0000000800d98c00'
Event: 88.533 Thread 0x00007ff6f00a1c10 Unloading class 0x0000000800d98800 'java/lang/invoke/LambdaForm$MH+0x0000000800d98800'
Event: 88.533 Thread 0x00007ff6f00a1c10 Unloading class 0x0000000800d98400 'java/lang/invoke/LambdaForm$MH+0x0000000800d98400'
Event: 88.533 Thread 0x00007ff6f00a1c10 Unloading class 0x0000000800d98000 'jdk/internal/reflect/GeneratedConstructorAccessor3'
Event: 88.533 Thread 0x00007ff6f00a1c10 Unloading class 0x0000000800d06800 'java/lang/invoke/LambdaForm$MH+0x0000000800d06800'
Event: 88.534 Thread 0x00007ff6f00a1c10 Unloading class 0x0000000800d06000 'java/lang/invoke/LambdaForm$MH+0x0000000800d06000'
Event: 88.534 Thread 0x00007ff6f00a1c10 Unloading class 0x0000000800d05c00 'java/lang/invoke/LambdaForm$MH+0x0000000800d05c00'
Event: 88.534 Thread 0x00007ff6f00a1c10 Unloading class 0x0000000800d05800 'java/lang/invoke/LambdaForm$MH+0x0000000800d05800'
Event: 88.534 Thread 0x00007ff6f00a1c10 Unloading class 0x0000000800d05000 'java/lang/invoke/LambdaForm$MH+0x0000000800d05000'
Event: 88.534 Thread 0x00007ff6f00a1c10 Unloading class 0x0000000800d04c00 'java/lang/invoke/LambdaForm$MH+0x0000000800d04c00'
Event: 88.534 Thread 0x00007ff6f00a1c10 Unloading class 0x0000000800d04800 'java/lang/invoke/LambdaForm$MH+0x0000000800d04800'
Event: 88.534 Thread 0x00007ff6f00a1c10 Unloading class 0x0000000800d04000 'java/lang/invoke/LambdaForm$MH+0x0000000800d04000'
Event: 88.534 Thread 0x00007ff6f00a1c10 Unloading class 0x0000000800c1d000 'jdk/internal/reflect/GeneratedMethodAccessor5'
Event: 88.534 Thread 0x00007ff6f00a1c10 Unloading class 0x0000000800c1cc00 'jdk/internal/reflect/GeneratedMethodAccessor4'
Event: 88.534 Thread 0x00007ff6f00a1c10 Unloading class 0x0000000800c1c800 'jdk/internal/reflect/GeneratedMethodAccessor3'
Event: 88.534 Thread 0x00007ff6f00a1c10 Unloading class 0x0000000800c1c400 'jdk/internal/reflect/GeneratedMethodAccessor2'
Event: 88.534 Thread 0x00007ff6f00a1c10 Unloading class 0x0000000800c1c000 'jdk/internal/reflect/GeneratedMethodAccessor1'
Event: 88.534 Thread 0x00007ff6f00a1c10 Unloading class 0x0000000800c01c00 'java/lang/invoke/LambdaForm$DMH+0x0000000800c01c00'
Event: 353.973 Thread 0x00007ff6f00a1c10 Unloading class 0x0000000801128400 'jdk/internal/reflect/GeneratedConstructorAccessor41'

Classes redefined (0 events):
No events

Internal exceptions (20 events):
Event: 50.537 Thread 0x00007ff66c000ff0 Exception <a 'java/lang/NoSuchMethodError'{0x00000000f5fc4ed8}: 'java.lang.Object java.lang.invoke.Invokers$Holder.linkToTargetMethod(java.lang.Object, java.lang.Object, long, java.lang.Object)'> (0x00000000f5fc4ed8) 
thrown [src/hotspot/share/interpreter/linkResolver.cpp, line 758]
Event: 50.545 Thread 0x00007ff66c000ff0 Exception <a 'java/lang/NoSuchMethodError'{0x00000000f608fc18}: 'java.lang.Object java.lang.invoke.DirectMethodHandle$Holder.newInvokeSpecial(java.lang.Object, java.lang.Object, int, java.lang.Object, java.lang.Object)'> (0x00000000f608fc18) 
thrown [src/hotspot/share/interpreter/linkResolver.cpp, line 758]
Event: 50.545 Thread 0x00007ff66c000ff0 Exception <a 'java/lang/NoSuchMethodError'{0x00000000f60ba9b0}: 'java.lang.Object java.lang.invoke.DirectMethodHandle$Holder.invokeSpecial(java.lang.Object, java.lang.Object, java.lang.Object, int, java.lang.Object, java.lang.Object)'> (0x00000000f60ba9b0) 
thrown [src/hotspot/share/interpreter/linkResolver.cpp, line 758]
Event: 51.549 Thread 0x00007ff6801d2c30 Implicit null exception at 0x00007ff6df189622 to 0x00007ff6df1899ac
Event: 52.866 Thread 0x00007ff6801d2c30 Implicit null exception at 0x00007ff6df0612e9 to 0x00007ff6df06149b
Event: 55.662 Thread 0x00007ff6801d2c30 Exception <a 'java/lang/NoSuchMethodError'{0x00000000f66092d0}: 'java.lang.Object java.lang.invoke.DirectMethodHandle$Holder.invokeStatic(java.lang.Object, int, java.lang.Object, java.lang.Object, java.lang.Object, java.lang.Object)'> (0x00000000f66092d0) 
thrown [src/hotspot/share/interpreter/linkResolver.cpp, line 758]
Event: 55.664 Thread 0x00007ff6801d2c30 Exception <a 'java/lang/NoSuchMethodError'{0x00000000f66117f0}: 'java.lang.Object java.lang.invoke.DirectMethodHandle$Holder.newInvokeSpecial(java.lang.Object, int, java.lang.Object, java.lang.Object, java.lang.Object)'> (0x00000000f66117f0) 
thrown [src/hotspot/share/interpreter/linkResolver.cpp, line 758]
Event: 56.155 Thread 0x00007ff684480ae0 Implicit null exception at 0x00007ff6df1960b5 to 0x00007ff6df1965e1
Event: 56.336 Thread 0x00007ff6801d2c30 Exception <a 'java/lang/NoSuchMethodError'{0x00000000f627b5c8}: 'void java.lang.invoke.DirectMethodHandle$Holder.invokeSpecial(java.lang.Object, java.lang.Object, int)'> (0x00000000f627b5c8) 
thrown [src/hotspot/share/interpreter/linkResolver.cpp, line 758]
Event: 57.661 Thread 0x00007ff6801d2c30 Exception <a 'java/lang/NoSuchMethodError'{0x00000000f57bab38}: 'int java.lang.invoke.DirectMethodHandle$Holder.invokeSpecialIFC(java.lang.Object, java.lang.Object, java.lang.Object, java.lang.Object)'> (0x00000000f57bab38) 
thrown [src/hotspot/share/interpreter/linkResolver.cpp, line 758]
Event: 744.910 Thread 0x00007ff6f0371520 Exception <a 'java/lang/OutOfMemoryError'{0x00000000e0009e30}> (0x00000000e0009e30) 
thrown [src/hotspot/share/gc/shared/memAllocator.cpp, line 136]
Event: 744.910 Thread 0x00007ff6f0371520 Exception <a 'java/lang/reflect/InvocationTargetException'{0x00000000f82ffed0}> (0x00000000f82ffed0) 
thrown [src/hotspot/share/runtime/reflection.cpp, line 1119]
Event: 778.965 Thread 0x00007ff684480ae0 Exception <a 'java/lang/OutOfMemoryError'{0x00000000e000a3d0}> (0x00000000e000a3d0) 
thrown [src/hotspot/share/gc/shared/memAllocator.cpp, line 138]
Event: 778.965 Thread 0x00007ff684480ae0 Implicit null exception at 0x00007ff6df1ecf6d to 0x00007ff6df1ecff9
Event: 790.339 Thread 0x00007ff68017d020 Exception <a 'java/lang/OutOfMemoryError'{0x00000000e000a100}> (0x00000000e000a100) 
thrown [src/hotspot/share/gc/shared/memAllocator.cpp, line 138]
Event: 790.339 Thread 0x00007ff68017d020 Implicit null exception at 0x00007ff6df0b7ee6 to 0x00007ff6df0b7fc0
Event: 793.701 Thread 0x00007ff68017ea00 Exception <a 'java/lang/OutOfMemoryError'{0x00000000e000a420}> (0x00000000e000a420) 
thrown [src/hotspot/share/gc/shared/memAllocator.cpp, line 136]
Event: 884.182 Thread 0x00007ff680037250 Exception <a 'java/lang/OutOfMemoryError'{0x00000000e000a420}> (0x00000000e000a420) 
thrown [src/hotspot/share/gc/shared/memAllocator.cpp, line 136]
Event: 969.976 Thread 0x00007ff68017f320 Exception <a 'java/lang/OutOfMemoryError'{0x00000000e000a420}> (0x00000000e000a420) 
thrown [src/hotspot/share/gc/shared/memAllocator.cpp, line 136]
Event: 992.155 Thread 0x00007ff6f00b21d0 Exception <a 'java/lang/OutOfMemoryError'{0x00000000e000a420}> (0x00000000e000a420) 
thrown [src/hotspot/share/gc/shared/memAllocator.cpp, line 136]

VM Operations (20 events):
Event: 969.976 Executing VM operation: ParallelGCFailedAllocation
Event: 971.848 Executing VM operation: ParallelGCFailedAllocation done
Event: 971.848 Executing VM operation: ParallelGCFailedAllocation
Event: 974.007 Executing VM operation: ParallelGCFailedAllocation done
Event: 974.007 Executing VM operation: ParallelGCFailedAllocation
Event: 975.886 Executing VM operation: ParallelGCFailedAllocation done
Event: 975.886 Executing VM operation: ParallelGCFailedAllocation
Event: 978.030 Executing VM operation: ParallelGCFailedAllocation done
Event: 978.030 Executing VM operation: ParallelGCFailedAllocation
Event: 980.125 Executing VM operation: ParallelGCFailedAllocation done
Event: 980.125 Executing VM operation: ParallelGCFailedAllocation
Event: 982.535 Executing VM operation: ParallelGCFailedAllocation done
Event: 982.536 Executing VM operation: ParallelGCFailedAllocation
Event: 984.647 Executing VM operation: ParallelGCFailedAllocation done
Event: 984.647 Executing VM operation: ParallelGCFailedAllocation
Event: 986.750 Executing VM operation: ParallelGCFailedAllocation done
Event: 986.750 Executing VM operation: ParallelGCFailedAllocation
Event: 988.474 Executing VM operation: ParallelGCFailedAllocation done
Event: 988.475 Executing VM operation: ParallelGCFailedAllocation
Event: 992.155 Executing VM operation: ParallelGCFailedAllocation done

Events (20 events):
Event: 400.683 Protecting memory [0x00007ff69cd00000,0x00007ff69cd04000] with protection modes 0
Event: 568.862 Thread 0x00007ff6544245c0 Thread exited: 0x00007ff6544245c0
Event: 614.157 Thread 0x00007ff654423d90 Thread exited: 0x00007ff654423d90
Event: 619.777 Thread 0x00007ff658003c40 Thread exited: 0x00007ff658003c40
Event: 693.664 Thread 0x00007ff68017d020 Thread added: 0x00007ff68017d020
Event: 693.664 Protecting memory [0x00007ff69d600000,0x00007ff69d604000] with protection modes 0
Event: 795.274 loading class java/util/concurrent/CompletionException
Event: 802.543 loading class java/util/concurrent/CompletionException done
Event: 817.980 loading class java/util/concurrent/CancellationException
Event: 841.149 loading class java/util/concurrent/CancellationException done
Event: 846.044 loading class java/util/logging/LogRecord
Event: 852.951 loading class java/util/logging/LogRecord done
Event: 873.794 loading class java/util/logging/ConsoleHandler
Event: 873.794 loading class java/util/logging/StreamHandler
Event: 873.794 loading class java/util/logging/StreamHandler done
Event: 873.794 loading class java/util/logging/ConsoleHandler done
Event: 887.461 loading class java/util/logging/SimpleFormatter
Event: 887.461 loading class java/util/logging/Formatter
Event: 905.983 loading class java/util/logging/Formatter done
Event: 905.983 loading class java/util/logging/SimpleFormatter done


Dynamic libraries:
e0000000-f5580000 rw-p 00000000 00:00 0 
f5580000-fb680000 rw-p 00000000 00:00 0 
fb680000-100000000 ---p 00000000 00:00 0 
800000000-800449000 rw-p 00001000 00:bf0 4611686019135357769             /nix/store/gpxl5qgg8kicmcvivwmybwjlpf7wh20l-graalvm17-ce-22.3.0/lib/server/classes.jsa
800449000-800bc8000 r--p 0044a000 00:bf0 4611686019135357769             /nix/store/gpxl5qgg8kicmcvivwmybwjlpf7wh20l-graalvm17-ce-22.3.0/lib/server/classes.jsa
800bc8000-800c00000 ---p 00000000 00:00 0 
800c00000-800c20000 rw-p 00000000 00:00 0 
800c20000-800c40000 rw-p 00000000 00:00 0 
800c40000-800cc0000 rw-p 00000000 00:00 0 
800cc0000-800d00000 rw-p 00000000 00:00 0 
800d00000-800dc0000 rw-p 00000000 00:00 0 
800dc0000-800e00000 rw-p 00000000 00:00 0 
800e00000-800f40000 rw-p 00000000 00:00 0 
800f40000-800fc0000 rw-p 00000000 00:00 0 
800fc0000-801000000 rw-p 00000000 00:00 0 
801000000-801240000 rw-p 00000000 00:00 0 
801240000-840c00000 ---p 00000000 00:00 0 
564e67da3000-564e67da4000 r-xp 00000000 00:bf0 4611686019099417844       /nix/store/gpxl5qgg8kicmcvivwmybwjlpf7wh20l-graalvm17-ce-22.3.0/bin/.java-wrapped
564e67da5000-564e67da6000 r--p 00001000 00:bf0 4611686019099417844       /nix/store/gpxl5qgg8kicmcvivwmybwjlpf7wh20l-graalvm17-ce-22.3.0/bin/.java-wrapped
564e67da6000-564e67da7000 rw-p 00002000 00:bf0 4611686019099417844       /nix/store/gpxl5qgg8kicmcvivwmybwjlpf7wh20l-graalvm17-ce-22.3.0/bin/.java-wrapped
564e67da7000-564e67da8000 rw-p 00004000 00:bf0 4611686019099417844       /nix/store/gpxl5qgg8kicmcvivwmybwjlpf7wh20l-graalvm17-ce-22.3.0/bin/.java-wrapped
564e67da8000-564e67da9000 rw-p 00005000 00:bf0 4611686019099417844       /nix/store/gpxl5qgg8kicmcvivwmybwjlpf7wh20l-graalvm17-ce-22.3.0/bin/.java-wrapped
564e69665000-564e696ad000 rw-p 00000000 00:00 0                          [heap]
7ff624000000-7ff624021000 rw-p 00000000 00:00 0 
7ff624021000-7ff628000000 ---p 00000000 00:00 0 
7ff628000000-7ff628021000 rw-p 00000000 00:00 0 
7ff628021000-7ff62c000000 ---p 00000000 00:00 0 
7ff62c000000-7ff62c292000 rw-p 00000000 00:00 0 
7ff62c292000-7ff630000000 ---p 00000000 00:00 0 
7ff630000000-7ff630021000 rw-p 00000000 00:00 0 
7ff630021000-7ff634000000 ---p 00000000 00:00 0 
7ff634000000-7ff634021000 rw-p 00000000 00:00 0 
7ff634021000-7ff638000000 ---p 00000000 00:00 0 
7ff638000000-7ff638024000 rw-p 00000000 00:00 0 
7ff638024000-7ff63c000000 ---p 00000000 00:00 0 
7ff63c000000-7ff63c021000 rw-p 00000000 00:00 0 
7ff63c021000-7ff640000000 ---p 00000000 00:00 0 
7ff640000000-7ff640021000 rw-p 00000000 00:00 0 
7ff640021000-7ff644000000 ---p 00000000 00:00 0 
7ff644000000-7ff644021000 rw-p 00000000 00:00 0 
7ff644021000-7ff648000000 ---p 00000000 00:00 0 
7ff648c00000-7ff649140000 rw-p 00000000 00:00 0 
7ff649140000-7ff649400000 ---p 00000000 00:00 0 
7ff649400000-7ff649780000 rw-p 00000000 00:00 0 
7ff649780000-7ff6497f0000 rw-p 00000000 00:00 0 
7ff6497f0000-7ff649800000 ---p 00000000 00:00 0 
7ff649800000-7ff649c00000 rw-p 00000000 00:00 0 
7ff649cb3000-7ff653800000 r--s 00000000 00:bf0 4611686019135192581       /nix/store/gpxl5qgg8kicmcvivwmybwjlpf7wh20l-graalvm17-ce-22.3.0/lib/modules
7ff653800000-7ff653d00000 rw-p 00000000 00:00 0 
7ff653d00000-7ff653e00000 rw-p 00000000 00:00 0 
7ff653e00000-7ff654000000 rw-p 00000000 00:00 0 
7ff654000000-7ff6544e1000 rw-p 00000000 00:00 0 
7ff6544e1000-7ff658000000 ---p 00000000 00:00 0 
7ff658000000-7ff658021000 rw-p 00000000 00:00 0 
7ff658021000-7ff65c000000 ---p 00000000 00:00 0 
7ff65c000000-7ff65c12c000 rw-p 00000000 00:00 0 
7ff65c12c000-7ff660000000 ---p 00000000 00:00 0 
7ff660000000-7ff660021000 rw-p 00000000 00:00 0 
7ff660021000-7ff664000000 ---p 00000000 00:00 0 
7ff664000000-7ff664021000 rw-p 00000000 00:00 0 
7ff664021000-7ff668000000 ---p 00000000 00:00 0 
7ff668000000-7ff668021000 rw-p 00000000 00:00 0 
7ff668021000-7ff66c000000 ---p 00000000 00:00 0 
7ff66c000000-7ff66c049000 rw-p 00000000 00:00 0 
7ff66c049000-7ff670000000 ---p 00000000 00:00 0 
7ff670000000-7ff67005a000 rw-p 00000000 00:00 0 
7ff67005a000-7ff674000000 ---p 00000000 00:00 0 
7ff674000000-7ff674021000 rw-p 00000000 00:00 0 
7ff674021000-7ff678000000 ---p 00000000 00:00 0 
7ff678000000-7ff678308000 rw-p 00000000 00:00 0 
7ff678308000-7ff67c000000 ---p 00000000 00:00 0 
7ff67c000000-7ff67c021000 rw-p 00000000 00:00 0 
7ff67c021000-7ff680000000 ---p 00000000 00:00 0 
7ff680000000-7ff6801e7000 rw-p 00000000 00:00 0 
7ff6801e7000-7ff684000000 ---p 00000000 00:00 0 
7ff684000000-7ff6848c2000 rw-p 00000000 00:00 0 
7ff6848c2000-7ff688000000 ---p 00000000 00:00 0 
7ff688000000-7ff688021000 rw-p 00000000 00:00 0 
7ff688021000-7ff68c000000 ---p 00000000 00:00 0 
7ff68c000000-7ff68c021000 rw-p 00000000 00:00 0 
7ff68c021000-7ff690000000 ---p 00000000 00:00 0 
7ff690000000-7ff690021000 rw-p 00000000 00:00 0 
7ff690021000-7ff694000000 ---p 00000000 00:00 0 
7ff694000000-7ff694021000 rw-p 00000000 00:00 0 
7ff694021000-7ff698000000 ---p 00000000 00:00 0 
7ff698400000-7ff698500000 rw-p 00000000 00:00 0 
7ff698500000-7ff6985c0000 rw-p 00000000 00:00 0 
7ff6985c0000-7ff6986c0000 rw-p 00000000 00:00 0 
7ff6986c0000-7ff698700000 rw-p 00000000 00:00 0 
7ff698700000-7ff698900000 rw-p 00000000 00:00 0 
7ff698900000-7ff698a00000 rw-p 00000000 00:00 0 
7ff698a00000-7ff698c00000 rw-p 00000000 00:00 0 
7ff698c00000-7ff698d00000 rw-p 00000000 00:00 0 
7ff698d00000-7ff698e00000 rw-p 00000000 00:00 0 
7ff698e00000-7ff6993a0000 rw-p 00000000 00:00 0 
7ff6993a0000-7ff6993c0000 rw-p 00000000 00:00 0 
7ff6993c0000-7ff699400000 rw-p 00000000 00:00 0 
7ff699400000-7ff699500000 rw-p 00000000 00:00 0 
7ff699500000-7ff699600000 rw-p 00000000 00:00 0 
7ff699600000-7ff699900000 rw-p 00000000 00:00 0 
7ff699900000-7ff699a00000 rw-p 00000000 00:00 0 
7ff699a00000-7ff699c00000 rw-p 00000000 00:00 0 
7ff699e00000-7ff699e10000 r-xp 00000000 00:9e7 353                       /home/runner/.cache/jdt-language-server/config/org.eclipse.equinox.launcher/org.eclipse.equinox.launcher.gtk.linux.x86_64_1.2.400.v20211117-0650/eclipse_11600.so
7ff699e10000-7ff69a00f000 ---p 00010000 00:9e7 353                       /home/runner/.cache/jdt-language-server/config/org.eclipse.equinox.launcher/org.eclipse.equinox.launcher.gtk.linux.x86_64_1.2.400.v20211117-0650/eclipse_11600.so
7ff69a00f000-7ff69a010000 r--p 0000f000 00:9e7 353                       /home/runner/.cache/jdt-language-server/config/org.eclipse.equinox.launcher/org.eclipse.equinox.launcher.gtk.linux.x86_64_1.2.400.v20211117-0650/eclipse_11600.so
7ff69a010000-7ff69a011000 rw-p 00010000 00:9e7 353                       /home/runner/.cache/jdt-language-server/config/org.eclipse.equinox.launcher/org.eclipse.equinox.launcher.gtk.linux.x86_64_1.2.400.v20211117-0650/eclipse_11600.so
7ff69b300000-7ff69b400000 ---p 00000000 00:00 0 
7ff69b400000-7ff69b9af000 r--p 01122000 00:bf0 4611686019135190040       /nix/store/gpxl5qgg8kicmcvivwmybwjlpf7wh20l-graalvm17-ce-22.3.0/lib/libjvmcicompiler.so
7ff69b9af000-7ff69bb00000 r--p 00000000 00:00 0 
7ff69bb00000-7ff69bb3d000 rw-p 00000000 00:00 0 
7ff69bb3d000-7ff69c05d000 rw-p 0185f000 00:bf0 4611686019135190040       /nix/store/gpxl5qgg8kicmcvivwmybwjlpf7wh20l-graalvm17-ce-22.3.0/lib/libjvmcicompiler.so
7ff69c05d000-7ff69c444000 r--p 01d7f000 00:bf0 4611686019135190040       /nix/store/gpxl5qgg8kicmcvivwmybwjlpf7wh20l-graalvm17-ce-22.3.0/lib/libjvmcicompiler.so
7ff69c500000-7ff69c504000 ---p 00000000 00:00 0 
7ff69c504000-7ff69c600000 rw-p 00000000 00:00 0 
7ff69c700000-7ff69c704000 ---p 00000000 00:00 0 
7ff69c704000-7ff69c800000 rw-p 00000000 00:00 0 
7ff69c900000-7ff69c904000 ---p 00000000 00:00 0 
7ff69c904000-7ff69ca00000 rw-p 00000000 00:00 0 
7ff69cb00000-7ff69cb04000 ---p 00000000 00:00 0 
7ff69cb04000-7ff69cc00000 rw-p 00000000 00:00 0 
7ff69cd00000-7ff69cd04000 ---p 00000000 00:00 0 
7ff69cd04000-7ff69ce00000 rw-p 00000000 00:00 0 
7ff69ce00000-7ff69ce04000 ---p 00000000 00:00 0 
7ff69ce04000-7ff69cf00000 rw-p 00000000 00:00 0 
7ff69cf00000-7ff69cf04000 ---p 00000000 00:00 0 
7ff69cf04000-7ff69d000000 rw-p 00000000 00:00 0 
7ff69d000000-7ff69d004000 ---p 00000000 00:00 0 
7ff69d004000-7ff69d100000 rw-p 00000000 00:00 0 
7ff69d100000-7ff69d104000 ---p 00000000 00:00 0 
7ff69d104000-7ff69d200000 rw-p 00000000 00:00 0 
7ff69d300000-7ff69d304000 ---p 00000000 00:00 0 
7ff69d304000-7ff69d400000 rw-p 00000000 00:00 0 
7ff69d500000-7ff69d504000 ---p 00000000 00:00 0 
7ff69d504000-7ff69d600000 rw-p 00000000 00:00 0 
7ff69d600000-7ff69d604000 ---p 00000000 00:00 0 
7ff69d604000-7ff69d700000 rw-p 00000000 00:00 0 
7ff69d700000-7ff69d704000 ---p 00000000 00:00 0 
7ff69d704000-7ff69d800000 rw-p 00000000 00:00 0 
7ff69d900000-7ff69d904000 ---p 00000000 00:00 0 
7ff69d904000-7ff69da00000 rw-p 00000000 00:00 0 
7ff69db00000-7ff69db04000 ---p 00000000 00:00 0 
7ff69db04000-7ff69dc00000 rw-p 00000000 00:00 0 
7ff69dc00000-7ff69fd6a000 r-xp 00000000 00:bf0 4611686019135190040       /nix/store/gpxl5qgg8kicmcvivwmybwjlpf7wh20l-graalvm17-ce-22.3.0/lib/libjvmcicompiler.so
7ff69fd6a000-7ff69ff69000 ---p 0216a000 00:bf0 4611686019135190040       /nix/store/gpxl5qgg8kicmcvivwmybwjlpf7wh20l-graalvm17-ce-22.3.0/lib/libjvmcicompiler.so
7ff69ff69000-7ff69ff6a000 r--p 02169000 00:bf0 4611686019135190040       /nix/store/gpxl5qgg8kicmcvivwmybwjlpf7wh20l-graalvm17-ce-22.3.0/lib/libjvmcicompiler.so
7ff69ff6a000-7ff69ff6c000 rw-p 0216a000 00:bf0 4611686019135190040       /nix/store/gpxl5qgg8kicmcvivwmybwjlpf7wh20l-graalvm17-ce-22.3.0/lib/libjvmcicompiler.so
7ff69ff6c000-7ff69ff6d000 rw-p 00000000 00:00 0 
7ff69ff6d000-7ff69ff72000 rw-p 023c3000 00:bf0 4611686019135190040       /nix/store/gpxl5qgg8kicmcvivwmybwjlpf7wh20l-graalvm17-ce-22.3.0/lib/libjvmcicompiler.so
7ff6a0000000-7ff6a0021000 rw-p 00000000 00:00 0 
7ff6a0021000-7ff6a4000000 ---p 00000000 00:00 0 
7ff6a4000000-7ff6a4021000 rw-p 00000000 00:00 0 
7ff6a4021000-7ff6a8000000 ---p 00000000 00:00 0 
7ff6a8000000-7ff6a8029000 rw-p 00000000 00:00 0 
7ff6a8029000-7ff6ac000000 ---p 00000000 00:00 0 
7ff6ac000000-7ff6ac021000 rw-p 00000000 00:00 0 
7ff6ac021000-7ff6b0000000 ---p 00000000 00:00 0 
7ff6b0000000-7ff6b00dd000 rw-p 00000000 00:00 0 
7ff6b00dd000-7ff6b4000000 ---p 00000000 00:00 0 
7ff6b4000000-7ff6b4b72000 rw-p 00000000 00:00 0 
7ff6b4b72000-7ff6b8000000 ---p 00000000 00:00 0 
7ff6b8000000-7ff6b8021000 rw-p 00000000 00:00 0 
7ff6b8021000-7ff6bc000000 ---p 00000000 00:00 0 
7ff6bc000000-7ff6bc021000 rw-p 00000000 00:00 0 
7ff6bc021000-7ff6c0000000 ---p 00000000 00:00 0 
7ff6c0000000-7ff6c0021000 rw-p 00000000 00:00 0 
7ff6c0021000-7ff6c4000000 ---p 00000000 00:00 0 
7ff6c4000000-7ff6c4021000 rw-p 00000000 00:00 0 
7ff6c4021000-7ff6c8000000 ---p 00000000 00:00 0 
7ff6c8000000-7ff6c8021000 rw-p 00000000 00:00 0 
7ff6c8021000-7ff6cc000000 ---p 00000000 00:00 0 
7ff6cc000000-7ff6cc021000 rw-p 00000000 00:00 0 
7ff6cc021000-7ff6d0000000 ---p 00000000 00:00 0 
7ff6d0000000-7ff6d0074000 rw-p 00000000 00:00 0 
7ff6d0074000-7ff6d4000000 ---p 00000000 00:00 0 
7ff6d4000000-7ff6d4004000 ---p 00000000 00:00 0 
7ff6d4004000-7ff6d4100000 rw-p 00000000 00:00 0 
7ff6d4100000-7ff6d4104000 ---p 00000000 00:00 0 
7ff6d4104000-7ff6d4200000 rw-p 00000000 00:00 0 
7ff6d4300000-7ff6d4304000 ---p 00000000 00:00 0 
7ff6d4304000-7ff6d4400000 rw-p 00000000 00:00 0 
7ff6d4500000-7ff6d4504000 ---p 00000000 00:00 0 
7ff6d4504000-7ff6d4600000 rw-p 00000000 00:00 0 
7ff6d4700000-7ff6d4704000 ---p 00000000 00:00 0 
7ff6d4704000-7ff6d4800000 rw-p 00000000 00:00 0 
7ff6d4800000-7ff6d4804000 ---p 00000000 00:00 0 
7ff6d4804000-7ff6d4900000 rw-p 00000000 00:00 0 
7ff6d4900000-7ff6d4904000 ---p 00000000 00:00 0 
7ff6d4904000-7ff6d4a00000 rw-p 00000000 00:00 0 
7ff6d5068000-7ff6d5500000 rw-p 00000000 00:00 0 
7ff6d5600000-7ff6d5604000 ---p 00000000 00:00 0 
7ff6d5604000-7ff6d5700000 rw-p 00000000 00:00 0 
7ff6d5800000-7ff6d5804000 ---p 00000000 00:00 0 
7ff6d5804000-7ff6d5900000 rw-p 00000000 00:00 0 
7ff6d5900000-7ff6d5904000 ---p 00000000 00:00 0 
7ff6d5904000-7ff6d5a00000 rw-p 00000000 00:00 0 
7ff6d5b18000-7ff6d5b1c000 ---p 00000000 00:00 0 
7ff6d5b1c000-7ff6d5c18000 rw-p 00000000 00:00 0 
7ff6d5c18000-7ff6d5c19000 ---p 00000000 00:00 0 
7ff6d5c19000-7ff6d5d1a000 rw-p 00000000 00:00 0 
7ff6d5d1a000-7ff6d5d1e000 ---p 00000000 00:00 0 
7ff6d5d1e000-7ff6d5e1a000 rw-p 00000000 00:00 0 
7ff6d5e1a000-7ff6d5e1e000 ---p 00000000 00:00 0 
7ff6d5e1e000-7ff6d5f1a000 rw-p 00000000 00:00 0 
7ff6d5f1a000-7ff6d5f1e000 ---p 00000000 00:00 0 
7ff6d5f1e000-7ff6d601a000 rw-p 00000000 00:00 0 
7ff6d601a000-7ff6d601e000 ---p 00000000 00:00 0 
7ff6d601e000-7ff6d621a000 rw-p 00000000 00:00 0 
7ff6d621a000-7ff6d621e000 ---p 00000000 00:00 0 
7ff6d621e000-7ff6d641a000 rw-p 00000000 00:00 0 
7ff6d641a000-7ff6d641e000 ---p 00000000 00:00 0 
7ff6d641e000-7ff6d651a000 rw-p 00000000 00:00 0 
7ff6d651a000-7ff6d651e000 ---p 00000000 00:00 0 
7ff6d651e000-7ff6d661a000 rw-p 00000000 00:00 0 
7ff6d661a000-7ff6d661e000 ---p 00000000 00:00 0 
7ff6d661e000-7ff6d671a000 rw-p 00000000 00:00 0 
7ff6d671a000-7ff6d6a00000 r--p 00000000 00:755 28444448                  /usr/lib/locale/locale-archive
7ff6d6a00000-7ff6d6a04000 ---p 00000000 00:00 0 
7ff6d6a04000-7ff6d6b00000 rw-p 00000000 00:00 0 
7ff6d6b00000-7ff6d6b04000 ---p 00000000 00:00 0 
7ff6d6b04000-7ff6d7000000 rw-p 00000000 00:00 0 
7ff6d7000000-7ff6d7300000 rw-p 00000000 00:00 0 
7ff6d7300000-7ff6d7400000 rw-p 00000000 00:00 0 
7ff6d7465000-7ff6d7467000 r-xp 00000000 00:bf0 4611686019135190017       /nix/store/gpxl5qgg8kicmcvivwmybwjlpf7wh20l-graalvm17-ce-22.3.0/lib/libextnet.so
7ff6d7467000-7ff6d7468000 r--p 00001000 00:bf0 4611686019135190017       /nix/store/gpxl5qgg8kicmcvivwmybwjlpf7wh20l-graalvm17-ce-22.3.0/lib/libextnet.so
7ff6d7468000-7ff6d7469000 rw-p 00002000 00:bf0 4611686019135190017       /nix/store/gpxl5qgg8kicmcvivwmybwjlpf7wh20l-graalvm17-ce-22.3.0/lib/libextnet.so
7ff6d7469000-7ff6d746a000 rw-p 00004000 00:bf0 4611686019135190017       /nix/store/gpxl5qgg8kicmcvivwmybwjlpf7wh20l-graalvm17-ce-22.3.0/lib/libextnet.so
7ff6d746a000-7ff6d746e000 ---p 00000000 00:00 0 
7ff6d746e000-7ff6d748c000 rw-p 00000000 00:00 0 
7ff6d748c000-7ff6d7493000 r-xp 00000000 00:bf0 4611686019135192580       /nix/store/gpxl5qgg8kicmcvivwmybwjlpf7wh20l-graalvm17-ce-22.3.0/lib/libzip.so
7ff6d7493000-7ff6d7494000 ---p 00007000 00:bf0 4611686019135192580       /nix/store/gpxl5qgg8kicmcvivwmybwjlpf7wh20l-graalvm17-ce-22.3.0/lib/libzip.so
7ff6d7494000-7ff6d7495000 r--p 00007000 00:bf0 4611686019135192580       /nix/store/gpxl5qgg8kicmcvivwmybwjlpf7wh20l-graalvm17-ce-22.3.0/lib/libzip.so
7ff6d7495000-7ff6d7496000 rw-p 00008000 00:bf0 4611686019135192580       /nix/store/gpxl5qgg8kicmcvivwmybwjlpf7wh20l-graalvm17-ce-22.3.0/lib/libzip.so
7ff6d7496000-7ff6d7498000 rw-p 0000b000 00:bf0 4611686019135192580       /nix/store/gpxl5qgg8kicmcvivwmybwjlpf7wh20l-graalvm17-ce-22.3.0/lib/libzip.so
7ff6d7498000-7ff6d74ad000 r-xp 00000000 00:bf0 4611686019135192570       /nix/store/gpxl5qgg8kicmcvivwmybwjlpf7wh20l-graalvm17-ce-22.3.0/lib/libnet.so
7ff6d74ad000-7ff6d74ae000 ---p 00015000 00:bf0 4611686019135192570       /nix/store/gpxl5qgg8kicmcvivwmybwjlpf7wh20l-graalvm17-ce-22.3.0/lib/libnet.so
7ff6d74ae000-7ff6d74af000 r--p 00015000 00:bf0 4611686019135192570       /nix/store/gpxl5qgg8kicmcvivwmybwjlpf7wh20l-graalvm17-ce-22.3.0/lib/libnet.so
7ff6d74af000-7ff6d74b0000 rw-p 00016000 00:bf0 4611686019135192570       /nix/store/gpxl5qgg8kicmcvivwmybwjlpf7wh20l-graalvm17-ce-22.3.0/lib/libnet.so
7ff6d74b0000-7ff6d74b3000 rw-p 0001b000 00:bf0 4611686019135192570       /nix/store/gpxl5qgg8kicmcvivwmybwjlpf7wh20l-graalvm17-ce-22.3.0/lib/libnet.so
7ff6d74b3000-7ff6d7723000 rwxp 00000000 00:00 0 
7ff6d7723000-7ff6d7a42000 ---p 00000000 00:00 0 
7ff6d7a42000-7ff6d8a32000 rwxp 00000000 00:00 0 
7ff6d8a32000-7ff6def7a000 ---p 00000000 00:00 0 
7ff6def7a000-7ff6df21a000 rwxp 00000000 00:00 0 
7ff6df21a000-7ff6e64b3000 ---p 00000000 00:00 0 
7ff6e64b3000-7ff6f0000000 r--s 00000000 00:bf0 4611686019135192581       /nix/store/gpxl5qgg8kicmcvivwmybwjlpf7wh20l-graalvm17-ce-22.3.0/lib/modules
7ff6f0000000-7ff6f0601000 rw-p 00000000 00:00 0 
7ff6f0601000-7ff6f4000000 ---p 00000000 00:00 0 
7ff6f4004000-7ff6f4017000 r-xp 00000000 00:bf0 4611686019135192571       /nix/store/gpxl5qgg8kicmcvivwmybwjlpf7wh20l-graalvm17-ce-22.3.0/lib/libnio.so
7ff6f4017000-7ff6f4018000 r--p 00012000 00:bf0 4611686019135192571       /nix/store/gpxl5qgg8kicmcvivwmybwjlpf7wh20l-graalvm17-ce-22.3.0/lib/libnio.so
7ff6f4018000-7ff6f4019000 rw-p 00013000 00:bf0 4611686019135192571       /nix/store/gpxl5qgg8kicmcvivwmybwjlpf7wh20l-graalvm17-ce-22.3.0/lib/libnio.so
7ff6f4019000-7ff6f401e000 rw-p 00019000 00:bf0 4611686019135192571       /nix/store/gpxl5qgg8kicmcvivwmybwjlpf7wh20l-graalvm17-ce-22.3.0/lib/libnio.so
7ff6f401e000-7ff6f401f000 ---p 00000000 00:00 0 
7ff6f401f000-7ff6f4120000 rw-p 00000000 00:00 0 
7ff6f4120000-7ff6f41ee000 r-xp 00000000 00:bf0 4611686019135190036       /nix/store/gpxl5qgg8kicmcvivwmybwjlpf7wh20l-graalvm17-ce-22.3.0/lib/libjsvml.so
7ff6f41ee000-7ff6f41ef000 r--p 000cd000 00:bf0 4611686019135190036       /nix/store/gpxl5qgg8kicmcvivwmybwjlpf7wh20l-graalvm17-ce-22.3.0/lib/libjsvml.so
7ff6f41ef000-7ff6f41f0000 rw-p 000ce000 00:bf0 4611686019135190036       /nix/store/gpxl5qgg8kicmcvivwmybwjlpf7wh20l-graalvm17-ce-22.3.0/lib/libjsvml.so
7ff6f41f0000-7ff6f5ac8000 rw-p 00000000 00:00 0 
7ff6f5ac8000-7ff6f5ac9000 ---p 00000000 00:00 0 
7ff6f5ac9000-7ff6f5c74000 rw-p 00000000 00:00 0 
7ff6f5c74000-7ff6f5ca6000 rw-p 00000000 00:00 0 
7ff6f5ca6000-7ff6f5cca000 ---p 00000000 00:00 0 
7ff6f5cca000-7ff6f5cd1000 rw-p 00000000 00:00 0 
7ff6f5cd1000-7ff6f5db6000 ---p 00000000 00:00 0 
7ff6f5db6000-7ff6f5dd6000 rw-p 00000000 00:00 0 
7ff6f5dd6000-7ff6f5ea1000 ---p 00000000 00:00 0 
7ff6f5ea1000-7ff6f5ea6000 rw-p 00000000 00:00 0 
7ff6f5ea6000-7ff6f5ead000 ---p 00000000 00:00 0 
7ff6f5ead000-7ff6f5ed1000 r-xp 00000000 00:bf0 4611686019135190028       /nix/store/gpxl5qgg8kicmcvivwmybwjlpf7wh20l-graalvm17-ce-22.3.0/lib/libjava.so
7ff6f5ed1000-7ff6f5ed2000 ---p 00024000 00:bf0 4611686019135190028       /nix/store/gpxl5qgg8kicmcvivwmybwjlpf7wh20l-graalvm17-ce-22.3.0/lib/libjava.so
7ff6f5ed2000-7ff6f5ed3000 r--p 00024000 00:bf0 4611686019135190028       /nix/store/gpxl5qgg8kicmcvivwmybwjlpf7wh20l-graalvm17-ce-22.3.0/lib/libjava.so
7ff6f5ed3000-7ff6f5ed4000 rw-p 00025000 00:bf0 4611686019135190028       /nix/store/gpxl5qgg8kicmcvivwmybwjlpf7wh20l-graalvm17-ce-22.3.0/lib/libjava.so
7ff6f5ed4000-7ff6f5ed5000 rw-p 00000000 00:00 0 
7ff6f5ed5000-7ff6f5edc000 rw-p 0002f000 00:bf0 4611686019135190028       /nix/store/gpxl5qgg8kicmcvivwmybwjlpf7wh20l-graalvm17-ce-22.3.0/lib/libjava.so
7ff6f5edc000-7ff6f5ee4000 rw-s 00000000 00:d7f 350                       /tmp/hsperfdata_runner/29
7ff6f5ee4000-7ff6f5ee5000 ---p 00000000 00:00 0 
7ff6f5ee5000-7ff6f5ee6000 r--p 00000000 00:00 0 
7ff6f5ee6000-7ff6f5ee7000 rwxp 00000000 00:00 0 
7ff6f5ee7000-7ff6f5f02000 r-xp 00000000 00:bf0 4611686019135190032       /nix/store/gpxl5qgg8kicmcvivwmybwjlpf7wh20l-graalvm17-ce-22.3.0/lib/libjimage.so
7ff6f5f02000-7ff6f5f03000 ---p 0001b000 00:bf0 4611686019135190032       /nix/store/gpxl5qgg8kicmcvivwmybwjlpf7wh20l-graalvm17-ce-22.3.0/lib/libjimage.so
7ff6f5f03000-7ff6f5f05000 r--p 0001b000 00:bf0 4611686019135190032       /nix/store/gpxl5qgg8kicmcvivwmybwjlpf7wh20l-graalvm17-ce-22.3.0/lib/libjimage.so
7ff6f5f05000-7ff6f5f06000 rw-p 0001d000 00:bf0 4611686019135190032       /nix/store/gpxl5qgg8kicmcvivwmybwjlpf7wh20l-graalvm17-ce-22.3.0/lib/libjimage.so
7ff6f5f06000-7ff6f5f07000 rw-p 00024000 00:bf0 4611686019135190032       /nix/store/gpxl5qgg8kicmcvivwmybwjlpf7wh20l-graalvm17-ce-22.3.0/lib/libjimage.so
7ff6f5f07000-7ff6f5f0b000 ---p 00000000 00:00 0 
7ff6f5f0b000-7ff6f6007000 rw-p 00000000 00:00 0 
7ff6f6007000-7ff6f6015000 r--p 00000000 00:bf0 4611686019027979927       /nix/store/4nlgxhb09sdr51nc9hdm8az5b08vzkgx-glibc-2.35-163/lib/libm.so.6
7ff6f6015000-7ff6f6088000 r-xp 0000e000 00:bf0 4611686019027979927       /nix/store/4nlgxhb09sdr51nc9hdm8az5b08vzkgx-glibc-2.35-163/lib/libm.so.6
7ff6f6088000-7ff6f60e5000 r--p 00081000 00:bf0 4611686019027979927       /nix/store/4nlgxhb09sdr51nc9hdm8az5b08vzkgx-glibc-2.35-163/lib/libm.so.6
7ff6f60e5000-7ff6f60e6000 r--p 000dd000 00:bf0 4611686019027979927       /nix/store/4nlgxhb09sdr51nc9hdm8az5b08vzkgx-glibc-2.35-163/lib/libm.so.6
7ff6f60e6000-7ff6f60e7000 rw-p 000de000 00:bf0 4611686019027979927       /nix/store/4nlgxhb09sdr51nc9hdm8az5b08vzkgx-glibc-2.35-163/lib/libm.so.6
7ff6f60e7000-7ff6f60e8000 r--p 00000000 00:bf0 4611686019027979946       /nix/store/4nlgxhb09sdr51nc9hdm8az5b08vzkgx-glibc-2.35-163/lib/librt.so.1
7ff6f60e8000-7ff6f60e9000 r-xp 00001000 00:bf0 4611686019027979946       /nix/store/4nlgxhb09sdr51nc9hdm8az5b08vzkgx-glibc-2.35-163/lib/librt.so.1
7ff6f60e9000-7ff6f60ea000 r--p 00002000 00:bf0 4611686019027979946       /nix/store/4nlgxhb09sdr51nc9hdm8az5b08vzkgx-glibc-2.35-163/lib/librt.so.1
7ff6f60ea000-7ff6f60eb000 r--p 00002000 00:bf0 4611686019027979946       /nix/store/4nlgxhb09sdr51nc9hdm8az5b08vzkgx-glibc-2.35-163/lib/librt.so.1
7ff6f60eb000-7ff6f60ec000 rw-p 00003000 00:bf0 4611686019027979946       /nix/store/4nlgxhb09sdr51nc9hdm8az5b08vzkgx-glibc-2.35-163/lib/librt.so.1
7ff6f60ec000-7ff6f71ff000 r-xp 00000000 00:bf0 4611686019135360866       /nix/store/gpxl5qgg8kicmcvivwmybwjlpf7wh20l-graalvm17-ce-22.3.0/lib/server/libjvm.so
7ff6f71ff000-7ff6f7200000 ---p 01113000 00:bf0 4611686019135360866       /nix/store/gpxl5qgg8kicmcvivwmybwjlpf7wh20l-graalvm17-ce-22.3.0/lib/server/libjvm.so
7ff6f7200000-7ff6f72b5000 r--p 01113000 00:bf0 4611686019135360866       /nix/store/gpxl5qgg8kicmcvivwmybwjlpf7wh20l-graalvm17-ce-22.3.0/lib/server/libjvm.so
7ff6f72b5000-7ff6f72e9000 rw-p 011c8000 00:bf0 4611686019135360866       /nix/store/gpxl5qgg8kicmcvivwmybwjlpf7wh20l-graalvm17-ce-22.3.0/lib/server/libjvm.so
7ff6f72e9000-7ff6f7345000 rw-p 00000000 00:00 0 
7ff6f7345000-7ff6f736d000 r--p 00000000 00:bf0 4611686019027979918       /nix/store/4nlgxhb09sdr51nc9hdm8az5b08vzkgx-glibc-2.35-163/lib/libc.so.6
7ff6f736d000-7ff6f74e3000 r-xp 00028000 00:bf0 4611686019027979918       /nix/store/4nlgxhb09sdr51nc9hdm8az5b08vzkgx-glibc-2.35-163/lib/libc.so.6
7ff6f74e3000-7ff6f753b000 r--p 0019e000 00:bf0 4611686019027979918       /nix/store/4nlgxhb09sdr51nc9hdm8az5b08vzkgx-glibc-2.35-163/lib/libc.so.6
7ff6f753b000-7ff6f753f000 r--p 001f6000 00:bf0 4611686019027979918       /nix/store/4nlgxhb09sdr51nc9hdm8az5b08vzkgx-glibc-2.35-163/lib/libc.so.6
7ff6f753f000-7ff6f7541000 rw-p 001fa000 00:bf0 4611686019027979918       /nix/store/4nlgxhb09sdr51nc9hdm8az5b08vzkgx-glibc-2.35-163/lib/libc.so.6
7ff6f7541000-7ff6f7550000 rw-p 00000000 00:00 0 
7ff6f7550000-7ff6f7551000 r--p 00000000 00:bf0 4611686019027979923       /nix/store/4nlgxhb09sdr51nc9hdm8az5b08vzkgx-glibc-2.35-163/lib/libdl.so.2
7ff6f7551000-7ff6f7552000 r-xp 00001000 00:bf0 4611686019027979923       /nix/store/4nlgxhb09sdr51nc9hdm8az5b08vzkgx-glibc-2.35-163/lib/libdl.so.2
7ff6f7552000-7ff6f7553000 r--p 00002000 00:bf0 4611686019027979923       /nix/store/4nlgxhb09sdr51nc9hdm8az5b08vzkgx-glibc-2.35-163/lib/libdl.so.2
7ff6f7553000-7ff6f7554000 r--p 00002000 00:bf0 4611686019027979923       /nix/store/4nlgxhb09sdr51nc9hdm8az5b08vzkgx-glibc-2.35-163/lib/libdl.so.2
7ff6f7554000-7ff6f7555000 rw-p 00003000 00:bf0 4611686019027979923       /nix/store/4nlgxhb09sdr51nc9hdm8az5b08vzkgx-glibc-2.35-163/lib/libdl.so.2
7ff6f7555000-7ff6f7556000 r--p 00000000 00:bf0 4611686019027979942       /nix/store/4nlgxhb09sdr51nc9hdm8az5b08vzkgx-glibc-2.35-163/lib/libpthread.so.0
7ff6f7556000-7ff6f7557000 r-xp 00001000 00:bf0 4611686019027979942       /nix/store/4nlgxhb09sdr51nc9hdm8az5b08vzkgx-glibc-2.35-163/lib/libpthread.so.0
7ff6f7557000-7ff6f7558000 r--p 00002000 00:bf0 4611686019027979942       /nix/store/4nlgxhb09sdr51nc9hdm8az5b08vzkgx-glibc-2.35-163/lib/libpthread.so.0
7ff6f7558000-7ff6f7559000 r--p 00002000 00:bf0 4611686019027979942       /nix/store/4nlgxhb09sdr51nc9hdm8az5b08vzkgx-glibc-2.35-163/lib/libpthread.so.0
7ff6f7559000-7ff6f755a000 rw-p 00003000 00:bf0 4611686019027979942       /nix/store/4nlgxhb09sdr51nc9hdm8az5b08vzkgx-glibc-2.35-163/lib/libpthread.so.0
7ff6f755a000-7ff6f7568000 r-xp 00000000 00:bf0 4611686019135190033       /nix/store/gpxl5qgg8kicmcvivwmybwjlpf7wh20l-graalvm17-ce-22.3.0/lib/libjli.so
7ff6f7568000-7ff6f7569000 ---p 0000e000 00:bf0 4611686019135190033       /nix/store/gpxl5qgg8kicmcvivwmybwjlpf7wh20l-graalvm17-ce-22.3.0/lib/libjli.so
7ff6f7569000-7ff6f756a000 r--p 0000e000 00:bf0 4611686019135190033       /nix/store/gpxl5qgg8kicmcvivwmybwjlpf7wh20l-graalvm17-ce-22.3.0/lib/libjli.so
7ff6f756a000-7ff6f756b000 rw-p 0000f000 00:bf0 4611686019135190033       /nix/store/gpxl5qgg8kicmcvivwmybwjlpf7wh20l-graalvm17-ce-22.3.0/lib/libjli.so
7ff6f756b000-7ff6f756c000 rw-p 00012000 00:bf0 4611686019135190033       /nix/store/gpxl5qgg8kicmcvivwmybwjlpf7wh20l-graalvm17-ce-22.3.0/lib/libjli.so
7ff6f756c000-7ff6f756f000 r--p 00000000 00:bf0 4611686019106210071       /nix/store/026hln0aq1hyshaxsdvhg0kmcm6yf45r-zlib-1.2.13/lib/libz.so.1.2.13
7ff6f756f000-7ff6f7581000 r-xp 00003000 00:bf0 4611686019106210071       /nix/store/026hln0aq1hyshaxsdvhg0kmcm6yf45r-zlib-1.2.13/lib/libz.so.1.2.13
7ff6f7581000-7ff6f7588000 r--p 00015000 00:bf0 4611686019106210071       /nix/store/026hln0aq1hyshaxsdvhg0kmcm6yf45r-zlib-1.2.13/lib/libz.so.1.2.13
7ff6f7588000-7ff6f7589000 r--p 0001b000 00:bf0 4611686019106210071       /nix/store/026hln0aq1hyshaxsdvhg0kmcm6yf45r-zlib-1.2.13/lib/libz.so.1.2.13
7ff6f7589000-7ff6f758a000 rw-p 0001c000 00:bf0 4611686019106210071       /nix/store/026hln0aq1hyshaxsdvhg0kmcm6yf45r-zlib-1.2.13/lib/libz.so.1.2.13
7ff6f758a000-7ff6f758c000 rw-p 00000000 00:00 0 
7ff6f758c000-7ff6f758e000 r--p 00000000 00:bf0 4611686019027979912       /nix/store/4nlgxhb09sdr51nc9hdm8az5b08vzkgx-glibc-2.35-163/lib/ld-linux-x86-64.so.2
7ff6f758e000-7ff6f75b5000 r-xp 00002000 00:bf0 4611686019027979912       /nix/store/4nlgxhb09sdr51nc9hdm8az5b08vzkgx-glibc-2.35-163/lib/ld-linux-x86-64.so.2
7ff6f75b5000-7ff6f75c1000 r--p 00029000 00:bf0 4611686019027979912       /nix/store/4nlgxhb09sdr51nc9hdm8az5b08vzkgx-glibc-2.35-163/lib/ld-linux-x86-64.so.2
7ff6f75c1000-7ff6f75c3000 r--p 00034000 00:bf0 4611686019027979912       /nix/store/4nlgxhb09sdr51nc9hdm8az5b08vzkgx-glibc-2.35-163/lib/ld-linux-x86-64.so.2
7ff6f75c3000-7ff6f75c5000 rw-p 00036000 00:bf0 4611686019027979912       /nix/store/4nlgxhb09sdr51nc9hdm8az5b08vzkgx-glibc-2.35-163/lib/ld-linux-x86-64.so.2
7ffe0c4de000-7ffe0c502000 rw-p 00000000 00:00 0                          [stack]
7ffe0c538000-7ffe0c53c000 r--p 00000000 00:00 0                          [vvar]
7ffe0c53c000-7ffe0c53e000 r-xp 00000000 00:00 0                          [vdso]
ffffffffff600000-ffffffffff601000 --xp 00000000 00:00 0                  [vsyscall]


VM Arguments:
jvm_args: -XX:ThreadPriorityPolicy=1 -XX:+UnlockExperimentalVMOptions -XX:+EnableJVMCIProduct -XX:JVMCIThreadsPerNativeLibraryRuntime=1 -XX:-UnlockExperimentalVMOptions -Declipse.application=org.eclipse.jdt.ls.core.id1 -Dosgi.bundles.defaultStartLevel=4 -Declipse.product=org.eclipse.jdt.ls.core.product -Dlog.level=ALL -Xverify:none -XX:+UseParallelGC -XX:GCTimeRatio=4 -XX:AdaptiveSizePolicyWeight=90 -Dsun.zip.disableMemoryMapping=true -Xmx512m -Xms100m 
java_command: /nix/store/m6gcpi1ii6rghy04cjwjddcavv7i90df-jdt-language-server-1.9.0/share/java/plugins/org.eclipse.equinox.launcher_1.6.400.v20210924-0641.jar --add-modules=ALL-SYSTEM --add-opens java.base/java.util=ALL-UNNAMED --add-opens java.base/java.lang=ALL-UNNAMED -configuration /home/runner/.cache/jdt-language-server/config -data /home/runner/.cache/jdt-language-server/data/home/runner/Zadanie-32
java_class_path (initial): /nix/store/m6gcpi1ii6rghy04cjwjddcavv7i90df-jdt-language-server-1.9.0/share/java/plugins/org.eclipse.equinox.launcher_1.6.400.v20210924-0641.jar
Launcher Type: SUN_STANDARD

[Global flags]
    uintx AdaptiveSizePolicyWeight                 = 90                                        {product} {command line}
     intx CICompilerCount                          = 2                                         {product} {ergonomic}
     bool EnableJVMCIProduct                       = true                                {JVMCI product} {jimage}
    uintx GCTimeRatio                              = 4                                         {product} {command line}
   size_t InitialHeapSize                          = 104857600                                 {product} {command line}
     uint JVMCIThreadsPerNativeLibraryRuntime      = 1                                   {JVMCI product} {jimage}
   size_t MaxHeapSize                              = 536870912                                 {product} {command line}
   size_t MaxNewSize                               = 178782208                                 {product} {ergonomic}
   size_t MinHeapDeltaBytes                        = 524288                                    {product} {ergonomic}
   size_t MinHeapSize                              = 104857600                                 {product} {command line}
   size_t NewSize                                  = 34603008                                  {product} {ergonomic}
    uintx NonNMethodCodeHeapSize                   = 5826188                                {pd product} {ergonomic}
    uintx NonProfiledCodeHeapSize                  = 122916026                              {pd product} {ergonomic}
   size_t OldSize                                  = 70254592                                  {product} {ergonomic}
    uintx ProfiledCodeHeapSize                     = 122916026                              {pd product} {ergonomic}
    uintx ReservedCodeCacheSize                    = 251658240                              {pd product} {ergonomic}
     bool SegmentedCodeCache                       = true                                      {product} {ergonomic}
   size_t SoftMaxHeapSize                          = 536870912                              {manageable} {ergonomic}
     intx ThreadPriorityPolicy                     = 1                                         {product} {jimage}
     bool UseCompressedClassPointers               = true                           {product lp64_product} {ergonomic}
     bool UseCompressedOops                        = true                           {product lp64_product} {ergonomic}
     bool UseParallelGC                            = true                                      {product} {command line}

Logging:
Log output configuration:
 #0: stdout all=warning uptime,level,tags
 #1: stderr all=off uptime,level,tags

Environment Variables:
JAVA_HOME=/nix/store/gpxl5qgg8kicmcvivwmybwjlpf7wh20l-graalvm17-ce-22.3.0
PATH=/nix/store/1d6ian3r8kdzspw8hacjhl3xkp40g1lj-binutils-wrapper-2.39/bin:/nix/store/dq0xwmsk1g0i2ayg6pb7y87na2knzylh-gcc-wrapper-11.3.0/bin:/nix/store/bap4d0lpcrhpwmpb8ayjcgkmvfj62lnq-bash-interactive-5.1-p16/bin:/nix/store/pr5n59mb4jzmfx6kanwxly0l07p861fg-patchelf-0.15.0/bin:/nix/store/1gf2flfqnpqbr1b4p4qz2f72y42bs56r-gcc-11.3.0/bin:/nix/store/57xv61c5zi8pphjbcwxxjlgc34p61ic9-glibc-2.35-163-bin/bin:/nix/store/a7gvj343m05j2s32xcnwr35v31ynlypr-coreutils-9.1/bin:/nix/store/039g378vc3pc3dvi9dzdlrd0i4q93qwf-binutils-2.39/bin:/nix/store/gpxl5qgg8kicmcvivwmybwjlpf7wh20l-graalvm17-ce-22.3.0/bin:/nix/store/6z9ag3ihc8mq2hzsw48lhbznvzny65nz-apache-maven-3.8.6/bin:/nix/store/m6gcpi1ii6rghy04cjwjddcavv7i90df-jdt-language-server-1.9.0/bin:/nix/store/84xs5alhs01zrbr4ywm05kxbjbp5590l-java-debug/bin:/nix/store/mydc6f4k2z73xlcz7ilif3v2lcaiqvza-findutils-4.9.0/bin:/nix/store/j9p3g8472iijd50vhdprx0nmk2fqn5gv-diffutils-3.8/bin:/nix/store/89zs7rms6x00xfq4dq6m7mjnhkr8a6r4-gnused-4.8/bin:/nix/store/86bp03jkmsl6f92w0yzg4s59g5mhxwmy-gnugrep-3.7/bin:/nix/store/hwcdqw4jrjnd37wxqgsd47hd0j8bnj09-gawk-5.1.1/bin:/nix/store/cfbhw8r8ags41vwqaz47r583d0p4h4a1-gnutar-1.34/bin:/nix/store/p3m1ndl1lapwrlh698bnb5lvvxh67378-gzip-1.12/bin:/nix/store/a8mhcagrsly7c7mpjrpsnaahk4aax056-bzip2-1.0.8-bin/bin:/nix/store/mblgz65m3zv9x548a3d5m96fj2pbwr09-gnumake-4.3/bin:/nix/store/dsd5gz46hdbdk2rfdimqddhq6m8m8fqs-bash-5.1-p16/bin:/nix/store/v7ljksji50mg3w61dykaa3n3y79n6nil-patch-2.7.6/bin:/nix/store/zlcnmqq14jz5x9439jf937mvayyl63da-xz-5.2.7-bin/bin:/nix/store/y6aj732zm9m87c82fpvf103a1xb22blp-file-5.43/bin:/nix/store/i4kzir3m7mrisxmf5xvlnkw01x4qaqr4-prybar-elisp-0.0.0-e0d9a52/bin:/nix/store/lwwivxf6h7x3cvxp9zv8sj0mv7dak99r-prybar-lua-0.0.0-e0d9a52/bin:/nix/store/gxj28g1cg4hq3qanmjv07156h800qr58-prybar-python3-0.0.0-e0d9a52/bin:/nix/store/hshkjnxrgidigf8x75vg6lqng2xlx9i3-prybar-sqlite-0.0.0-e0d9a52/bin:/nix/store/c4w01bpjgyy5ixmwdk8m1pw87zq4sl26-prybar-tcl-0.0.0-e0d9a52/bin:/nix/store/hpbvrlwd5viqmvcaisb3x0118i913a9n-st
LD_LIBRARY_PATH=/nix/store/a4pff549sk2idnkpzk5nsfps3mdkdnvm-cups-2.4.2-lib/lib:/nix/store/72mqxxhh3cy5yifh92wh2yb8cl2hikyy-cairo-1.16.0/lib:/nix/store/2k366jrbsra97gjfxwvrhvixjfxdach5-glib-2.74.1/lib:/nix/store/2j2znigd8ak37rlwh9khz0ry3clqlw1l-gtk+3-3.24.34/lib:/nix/store/hisqvx32cd57apbpcsnkpx6k3549wql1-libglvnd-1.4.0/lib:/nix/store/p36pgcv991mq5srvg765b78yqpxvk3qs-mesa-21.3.3-drivers/lib:/nix/store/mav4251if1ahjq5vkpwycyyvnmy459c4-pulseaudio-14.2/lib
DISPLAY=:0
LANG=en_US.UTF-8

Signal Handlers:
   SIGSEGV: crash_handler in libjvm.so, mask=11100100010111111101111111111110, flags=SA_RESTART|SA_SIGINFO
    SIGBUS: crash_handler in libjvm.so, mask=11100100010111111101111111111110, flags=SA_RESTART|SA_SIGINFO
    SIGFPE: crash_handler in libjvm.so, mask=11100100010111111101111111111110, flags=SA_RESTART|SA_SIGINFO
   SIGPIPE: IsolateEnterStub_IgnoreSIGPIPEStartupHook_noopSignalHandler_8f19bff2f35b5f630d83b364d6b2339320d4ec70_216e8361c6bc87a8f89f58cc10d3b2fd4415bf87 in libjvmcicompiler.so, mask=00000000000000000000000000000000, flags=SA_RESTART
  *** Handler was modified!
  *** Expected: javaSignalHandler in libjvm.so, mask=11100100110111111111111111111110, flags=SA_RESTART|SA_SIGINFO
   SIGXFSZ: javaSignalHandler in libjvm.so, mask=11100100010111111101111111111110, flags=SA_RESTART|SA_SIGINFO
    SIGILL: crash_handler in libjvm.so, mask=11100100010111111101111111111110, flags=SA_RESTART|SA_SIGINFO
   SIGUSR2: SR_handler in libjvm.so, mask=00000000000000000000000000000000, flags=SA_RESTART|SA_SIGINFO
    SIGHUP: UserHandler in libjvm.so, mask=11100100010111111101111111111110, flags=SA_RESTART|SA_SIGINFO
    SIGINT: UserHandler in libjvm.so, mask=11100100010111111101111111111110, flags=SA_RESTART|SA_SIGINFO
   SIGTERM: UserHandler in libjvm.so, mask=11100100010111111101111111111110, flags=SA_RESTART|SA_SIGINFO
   SIGQUIT: UserHandler in libjvm.so, mask=11100100010111111101111111111110, flags=SA_RESTART|SA_SIGINFO
  *** Handler was modified!
  *** Expected: javaSignalHandler in libjvm.so, mask=11100100110111111111111111111110, flags=SA_RESTART|SA_SIGINFO
   SIGTRAP: crash_handler in libjvm.so, mask=11100100010111111101111111111110, flags=SA_RESTART|SA_SIGINFO


---------------  S Y S T E M  ---------------

OS:
DISTRIB_ID=Ubuntu
DISTRIB_RELEASE=20.04
DISTRIB_CODENAME=focal
DISTRIB_DESCRIPTION="Ubuntu 20.04.2 LTS"
uname: Linux 5.15.0-1031-gcp #38~20.04.1-Ubuntu SMP Sun Mar 12 04:47:58 UTC 2023 x86_64
OS uptime: 0 days 1:03 hours
libc: glibc 2.35 NPTL 2.35 
rlimit (soft/hard): STACK 8192k/infinity , CORE infinity/infinity , NPROC infinity/infinity , NOFILE 5242/5242 , AS infinity/infinity , CPU infinity/infinity , DATA infinity/infinity , FSIZE infinity/infinity , MEMLOCK 64k/64k
load average: 19.60 15.04 13.79

/proc/meminfo:
MemTotal:       65852712 kB
MemFree:        31715800 kB
MemAvailable:   47051004 kB
Buffers:         1387084 kB
Cached:         13210024 kB
SwapCached:            0 kB
Active:          6130340 kB
Inactive:       24225616 kB
Active(anon):      15052 kB
Inactive(anon): 15547184 kB
Active(file):    6115288 kB
Inactive(file):  8678432 kB
Unevictable:       42584 kB
Mlocked:           42584 kB
SwapTotal:             0 kB
SwapFree:              0 kB
Dirty:              3472 kB
Writeback:             0 kB
AnonPages:      15378460 kB
Mapped:          1975760 kB
Shmem:             61872 kB
KReclaimable:    1268084 kB
Slab:            2744244 kB
SReclaimable:    1268084 kB
SUnreclaim:      1476160 kB
KernelStack:      403580 kB
PageTables:       197296 kB
NFS_Unstable:          0 kB
Bounce:                0 kB
WritebackTmp:          0 kB
CommitLimit:    32926356 kB
Committed_AS:   64079800 kB
VmallocTotal:   34359738367 kB
VmallocUsed:      446560 kB
VmallocChunk:          0 kB
Percpu:            79328 kB
HardwareCorrupted:     0 kB
AnonHugePages:   1177600 kB
ShmemHugePages:        0 kB
ShmemPmdMapped:        0 kB
FileHugePages:         0 kB
FilePmdMapped:         0 kB
HugePages_Total:       0
HugePages_Free:        0
HugePages_Rsvd:        0
HugePages_Surp:        0
Hugepagesize:       2048 kB
Hugetlb:               0 kB
DirectMap4k:     2571072 kB
DirectMap2M:    33077248 kB
DirectMap1G:    33554432 kB

/sys/kernel/mm/transparent_hugepage/enabled: always [madvise] never
/sys/kernel/mm/transparent_hugepage/defrag (defrag/compaction efforts parameter): always defer defer+madvise [madvise] never

Process Memory:
Virtual Size: 4989564K (peak: 5020476K)
Resident Set Size: 794076K (peak: 829916K) (anon: 596800K, file: 197276K, shmem: 0K)
Swapped out: 0K
C-Heap outstanding allocations: 43827K, retained: 12540K
glibc malloc tunables: (default)

/proc/sys/kernel/threads-max (system-wide limit on the number of threads): 514406
/proc/sys/vm/max_map_count (maximum number of memory map areas a process may have): 65530
/proc/sys/kernel/pid_max (system-wide limit on number of process identifiers): 4194304

container (cgroup) information:
container_type: cgroupv1
cpu_cpuset_cpus: 2-7
cpu_memory_nodes: 0
active_processor_count: 1
cpu_quota: 50000
cpu_period: 100000
cpu_shares: 512
memory_limit_in_bytes: 1048576 k
memory_and_swap_limit_in_bytes: 1048576 k
memory_soft_limit_in_bytes: 524288 k
memory_usage_in_bytes: 649608 k
memory_max_usage_in_bytes: 742680 k
maximum number of tasks: 1000
current number of tasks: 51

KVM virtualization detected
Steal ticks since vm start: 0
Steal ticks percentage since vm start:  0.000

CPU: total 8 (initial active 1) (8 cores per cpu, 2 threads per core) family 23 model 49 stepping 0 microcode 0xffffffff, cx8, cmov, fxsr, ht, mmx, 3dnowpref, sse, sse2, sse3, ssse3, sse4a, sse4.1, sse4.2, popcnt, lzcnt, tsc, tscinvbit, avx, avx2, aes, clmul, bmi1, bmi2, adx, sha, fma, vzeroupper, clflush, clflushopt, hv
CPU Model and flags from /proc/cpuinfo:
model name	: AMD EPYC 7B12
flags		: fpu vme de pse tsc msr pae mce cx8 apic sep mtrr pge mca cmov pat pse36 clflush mmx fxsr sse sse2 ht syscall nx mmxext fxsr_opt pdpe1gb rdtscp lm constant_tsc rep_good nopl nonstop_tsc cpuid extd_apicid tsc_known_freq pni pclmulqdq ssse3 fma cx16 sse4_1 sse4_2 movbe popcnt aes xsave avx f16c rdrand hypervisor lahf_lm cmp_legacy cr8_legacy abm sse4a misalignsse 3dnowprefetch osvw topoext ssbd ibrs ibpb stibp vmmcall fsgsbase tsc_adjust bmi1 avx2 smep bmi2 rdseed adx smap clflushopt clwb sha_ni xsaveopt xsavec xgetbv1 clzero xsaveerptr arat npt nrip_save umip rdpid

Online cpus: 0-7
Offline cpus: 
BIOS frequency limitation: <Not Available>
Frequency switch latency (ns): <Not Available>
Available cpu frequencies: <Not Available>
Current governor: <Not Available>
Core performance/turbo boost: <Not Available>

Memory: 4k page, physical 1048576k(398964k free), swap 0k(0k free)
Page Sizes: 4k

vm_info: OpenJDK 64-Bit Server VM (17.0.5+8-jvmci-22.3-b08) for linux-amd64 JRE (17.0.5+8-jvmci-22.3-b08), built on Oct 19 2022 09:01:27 by "buildslave" with gcc 10.3.0

END.
